        -:    0:Source:dominion.c
        -:    0:Graph:dominion.gcno
        -:    0:Data:dominion.gcda
        -:    0:Runs:8
        -:    0:Programs:8
        -:    1:#include "dominion.h"
        -:    2:#include "dominion_helpers.h"
        -:    3:#include "rngs.h"
        -:    4:#include <stdio.h>
        -:    5:#include <math.h>
        -:    6:#include <stdlib.h>
        -:    7:
function compare called 240 returned 100% blocks executed 83%
      240:    8:int compare(const void* a, const void* b) {
      240:    9:  if (*(int*)a > *(int*)b)
branch  0 taken 0% (fallthrough)
branch  1 taken 100%
    #####:   10:    return 1;
      240:   11:  if (*(int*)a < *(int*)b)
branch  0 taken 27% (fallthrough)
branch  1 taken 73%
       64:   12:    return -1;
      176:   13:  return 0;
        -:   14:}
        -:   15:
function newGame called 0 returned 0% blocks executed 0%
    #####:   16:struct gameState* newGame() {
    #####:   17:  struct gameState* g = malloc(sizeof(struct gameState));
    #####:   18:  return g;
        -:   19:}
        -:   20:
function kingdomCards called 0 returned 0% blocks executed 0%
    #####:   21:int* kingdomCards(int k1, int k2, int k3, int k4, int k5, int k6, int k7,
        -:   22:		  int k8, int k9, int k10) {
    #####:   23:  int* k = malloc(10 * sizeof(int));
    #####:   24:  k[0] = k1;
    #####:   25:  k[1] = k2;
    #####:   26:  k[2] = k3;
    #####:   27:  k[3] = k4;
    #####:   28:  k[4] = k5;
    #####:   29:  k[5] = k6;
    #####:   30:  k[6] = k7;
    #####:   31:  k[7] = k8;
    #####:   32:  k[8] = k9;
    #####:   33:  k[9] = k10;
    #####:   34:  return k;
        -:   35:}
        -:   36:
function initializeGame called 8 returned 100% blocks executed 83%
        8:   37:int initializeGame(int numPlayers, int kingdomCards[10], int randomSeed,
        -:   38:		   struct gameState *state) {
        -:   39:
        -:   40:  int i;
        -:   41:  int j;
        -:   42:  int it;
        -:   43:  //set up random number generator
        8:   44:  SelectStream(1);
call    0 returned 100%
        8:   45:  PutSeed((long)randomSeed);
call    0 returned 100%
        -:   46:
        -:   47:  //check number of players
        8:   48:  if (numPlayers > MAX_PLAYERS || numPlayers < 2)
branch  0 taken 100% (fallthrough)
branch  1 taken 0%
branch  2 taken 0% (fallthrough)
branch  3 taken 100%
        -:   49:    {
    #####:   50:      return -1;
        -:   51:    }
        -:   52:
        -:   53:  //set number of players
        8:   54:  state->numPlayers = numPlayers;
        -:   55:
        -:   56:  //check selected kingdom cards are different
       88:   57:  for (i = 0; i < 10; i++)
branch  0 taken 91%
branch  1 taken 9% (fallthrough)
        -:   58:    {
      880:   59:      for (j = 0; j < 10; j++)
branch  0 taken 91%
branch  1 taken 9% (fallthrough)
        -:   60:        {
      800:   61:	  if (j != i && kingdomCards[j] == kingdomCards[i])
branch  0 taken 90% (fallthrough)
branch  1 taken 10%
branch  2 taken 0% (fallthrough)
branch  3 taken 100%
        -:   62:	    {
    #####:   63:	      return -1;
        -:   64:	    }
        -:   65:        }
        -:   66:    }
        -:   67:
        -:   68:
        -:   69:  //initialize supply
        -:   70:  ///////////////////////////////
        -:   71:
        -:   72:  //set number of Curse cards
        8:   73:  if (numPlayers == 2)
branch  0 taken 100% (fallthrough)
branch  1 taken 0%
        -:   74:    {
        8:   75:      state->supplyCount[curse] = 10;
        -:   76:    }
    #####:   77:  else if (numPlayers == 3)
branch  0 never executed
branch  1 never executed
        -:   78:    {
    #####:   79:      state->supplyCount[curse] = 20;
        -:   80:    }
        -:   81:  else
        -:   82:    {
    #####:   83:      state->supplyCount[curse] = 30;
        -:   84:    }
        -:   85:
        -:   86:  //set number of Victory cards
        8:   87:  if (numPlayers == 2)
branch  0 taken 100% (fallthrough)
branch  1 taken 0%
        -:   88:    {
        8:   89:      state->supplyCount[estate] = 8;
        8:   90:      state->supplyCount[duchy] = 8;
        8:   91:      state->supplyCount[province] = 8;
        -:   92:    }
        -:   93:  else
        -:   94:    {
    #####:   95:      state->supplyCount[estate] = 12;
    #####:   96:      state->supplyCount[duchy] = 12;
    #####:   97:      state->supplyCount[province] = 12;
        -:   98:    }
        -:   99:
        -:  100:  //set number of Treasure cards
        8:  101:  state->supplyCount[copper] = 60 - (7 * numPlayers);
        8:  102:  state->supplyCount[silver] = 40;
        8:  103:  state->supplyCount[gold] = 30;
        -:  104:
        -:  105:  //set number of Kingdom cards
      168:  106:  for (i = adventurer; i <= treasure_map; i++)       	//loop all cards
branch  0 taken 95%
branch  1 taken 5% (fallthrough)
        -:  107:    {
     1320:  108:      for (j = 0; j < 10; j++)           		//loop chosen cards
branch  0 taken 94%
branch  1 taken 6% (fallthrough)
        -:  109:	{
     1240:  110:	  if (kingdomCards[j] == i)
branch  0 taken 6% (fallthrough)
branch  1 taken 94%
        -:  111:	    {
        -:  112:	      //check if card is a 'Victory' Kingdom card
       80:  113:	      if (kingdomCards[j] == great_hall || kingdomCards[j] == gardens)
branch  0 taken 100% (fallthrough)
branch  1 taken 0%
branch  2 taken 0% (fallthrough)
branch  3 taken 100%
        -:  114:		{
    #####:  115:		  if (numPlayers == 2){
branch  0 never executed
branch  1 never executed
    #####:  116:		    state->supplyCount[i] = 8;
        -:  117:		  }
    #####:  118:		  else{ state->supplyCount[i] = 12; }
        -:  119:		}
        -:  120:	      else
        -:  121:		{
       80:  122:		  state->supplyCount[i] = 10;
        -:  123:		}
       80:  124:	      break;
        -:  125:	    }
        -:  126:	  else    //card is not in the set choosen for the game
        -:  127:	    {
     1160:  128:	      state->supplyCount[i] = -1;
        -:  129:	    }
        -:  130:	}
        -:  131:
        -:  132:    }
        -:  133:
        -:  134:  ////////////////////////
        -:  135:  //supply intilization complete
        -:  136:
        -:  137:  //set player decks
       24:  138:  for (i = 0; i < numPlayers; i++)
branch  0 taken 67%
branch  1 taken 33% (fallthrough)
        -:  139:    {
       16:  140:      state->deckCount[i] = 0;
       64:  141:      for (j = 0; j < 3; j++)
branch  0 taken 75%
branch  1 taken 25% (fallthrough)
        -:  142:	{
       48:  143:	  state->deck[i][j] = estate;
       48:  144:	  state->deckCount[i]++;
        -:  145:	}
      128:  146:      for (j = 3; j < 10; j++)
branch  0 taken 88%
branch  1 taken 13% (fallthrough)
        -:  147:	{
      112:  148:	  state->deck[i][j] = copper;
      112:  149:	  state->deckCount[i]++;
        -:  150:	}
        -:  151:    }
        -:  152:
        -:  153:  //shuffle player decks
       24:  154:  for (i = 0; i < numPlayers; i++)
branch  0 taken 67%
branch  1 taken 33% (fallthrough)
        -:  155:    {
       16:  156:      if ( shuffle(i, state) < 0 )
call    0 returned 100%
branch  1 taken 0% (fallthrough)
branch  2 taken 100%
        -:  157:	{
    #####:  158:	  return -1;
        -:  159:	}
        -:  160:    }
        -:  161:
        -:  162:  //draw player hands
       24:  163:  for (i = 0; i < numPlayers; i++)
branch  0 taken 67%
branch  1 taken 33% (fallthrough)
        -:  164:    {
        -:  165:      //initialize hand size to zero
       16:  166:      state->handCount[i] = 0;
       16:  167:      state->discardCount[i] = 0;
        -:  168:      //draw 5 cards
        -:  169:      // for (j = 0; j < 5; j++)
        -:  170:      //	{
        -:  171:      //	  drawCard(i, state);
        -:  172:      //	}
        -:  173:    }
        -:  174:
        -:  175:  //set embargo tokens to 0 for all supply piles
      224:  176:  for (i = 0; i <= treasure_map; i++)
branch  0 taken 96%
branch  1 taken 4% (fallthrough)
        -:  177:    {
      216:  178:      state->embargoTokens[i] = 0;
        -:  179:    }
        -:  180:
        -:  181:  //initialize first player's turn
        8:  182:  state->outpostPlayed = 0;
        8:  183:  state->phase = 0;
        8:  184:  state->numActions = 1;
        8:  185:  state->numBuys = 1;
        8:  186:  state->playedCardCount = 0;
        8:  187:  state->whoseTurn = 0;
        8:  188:  state->handCount[state->whoseTurn] = 0;
        -:  189:  //int it; move to top
        -:  190:
        -:  191:  //Moved draw cards to here, only drawing at the start of a turn
       48:  192:  for (it = 0; it < 5; it++){
branch  0 taken 83%
branch  1 taken 17% (fallthrough)
       40:  193:    drawCard(state->whoseTurn, state);
call    0 returned 100%
        -:  194:  }
        -:  195:
        8:  196:  updateCoins(state->whoseTurn, state, 0);
call    0 returned 100%
        -:  197:
        8:  198:  return 0;
        -:  199:}
        -:  200:
function shuffle called 22 returned 100% blocks executed 100%
       22:  201:int shuffle(int player, struct gameState *state) {
        -:  202:
        -:  203:
        -:  204:  int newDeck[MAX_DECK];
       22:  205:  int newDeckPos = 0;
        -:  206:  int card;
        -:  207:  int i;
        -:  208:
       22:  209:  if (state->deckCount[player] < 1)
branch  0 taken 27% (fallthrough)
branch  1 taken 73%
        6:  210:    return -1;
       16:  211:  qsort ((void*)(state->deck[player]), state->deckCount[player], sizeof(int), compare);
call    0 returned 100%
        -:  212:  /* SORT CARDS IN DECK TO ENSURE DETERMINISM! */
        -:  213:
      192:  214:  while (state->deckCount[player] > 0) {
branch  0 taken 91%
branch  1 taken 9% (fallthrough)
      160:  215:    card = floor(Random() * state->deckCount[player]);
call    0 returned 100%
      160:  216:    newDeck[newDeckPos] = state->deck[player][card];
      160:  217:    newDeckPos++;
      560:  218:    for (i = card; i < state->deckCount[player]-1; i++) {
branch  0 taken 71%
branch  1 taken 29% (fallthrough)
      400:  219:      state->deck[player][i] = state->deck[player][i+1];
        -:  220:    }
      160:  221:    state->deckCount[player]--;
        -:  222:  }
      176:  223:  for (i = 0; i < newDeckPos; i++) {
branch  0 taken 91%
branch  1 taken 9% (fallthrough)
      160:  224:    state->deck[player][i] = newDeck[i];
      160:  225:    state->deckCount[player]++;
        -:  226:  }
        -:  227:
       16:  228:  return 0;
        -:  229:}
        -:  230:
function playCard called 0 returned 0% blocks executed 0%
    #####:  231:int playCard(int handPos, int choice1, int choice2, int choice3, struct gameState *state)
        -:  232:{
        -:  233:  int card;
    #####:  234:  int coin_bonus = 0; 		//tracks coins gain from actions
        -:  235:
        -:  236:  //check if it is the right phase
    #####:  237:  if (state->phase != 0)
branch  0 never executed
branch  1 never executed
        -:  238:    {
    #####:  239:      return -1;
        -:  240:    }
        -:  241:
        -:  242:  //check if player has enough actions
    #####:  243:  if ( state->numActions < 1 )
branch  0 never executed
branch  1 never executed
        -:  244:    {
    #####:  245:      return -1;
        -:  246:    }
        -:  247:
        -:  248:  //get card played
    #####:  249:  card = handCard(handPos, state);
call    0 never executed
        -:  250:
        -:  251:  //check if selected card is an action
    #####:  252:  if ( card < adventurer || card > treasure_map )
branch  0 never executed
branch  1 never executed
branch  2 never executed
branch  3 never executed
        -:  253:    {
    #####:  254:      return -1;
        -:  255:    }
        -:  256:
        -:  257:  //play card
    #####:  258:  if ( cardEffect(card, choice1, choice2, choice3, state, handPos, &coin_bonus) < 0 )
call    0 never executed
branch  1 never executed
branch  2 never executed
        -:  259:    {
    #####:  260:      return -1;
        -:  261:    }
        -:  262:
        -:  263:  //reduce number of actions
    #####:  264:  state->numActions--;
        -:  265:
        -:  266:  //update coins (Treasure cards may be added with card draws)
    #####:  267:  updateCoins(state->whoseTurn, state, coin_bonus);
call    0 never executed
        -:  268:
    #####:  269:  return 0;
        -:  270:}
        -:  271:
function buyCard called 0 returned 0% blocks executed 0%
    #####:  272:int buyCard(int supplyPos, struct gameState *state) {
        -:  273:  int who;
        -:  274:  if (DEBUG){
        -:  275:    printf("Entering buyCard...\n");
        -:  276:  }
        -:  277:
        -:  278:  // I don't know what to do about the phase thing.
        -:  279:
    #####:  280:  who = state->whoseTurn;
        -:  281:
    #####:  282:  if (state->numBuys < 1){
branch  0 never executed
branch  1 never executed
        -:  283:    if (DEBUG)
        -:  284:      printf("You do not have any buys left\n");
    #####:  285:    return -1;
    #####:  286:  } else if (supplyCount(supplyPos, state) <1){
call    0 never executed
branch  1 never executed
branch  2 never executed
        -:  287:    if (DEBUG)
        -:  288:      printf("There are not any of that type of card left\n");
    #####:  289:    return -1;
    #####:  290:  } else if (state->coins < getCost(supplyPos)){
call    0 never executed
branch  1 never executed
branch  2 never executed
        -:  291:    if (DEBUG)
        -:  292:      printf("You do not have enough money to buy that. You have %d coins.\n", state->coins);
    #####:  293:    return -1;
        -:  294:  } else {
    #####:  295:    state->phase=1;
        -:  296:    //state->supplyCount[supplyPos]--;
    #####:  297:    gainCard(supplyPos, state, 0, who); //card goes in discard, this might be wrong.. (2 means goes into hand, 0 goes into discard)
call    0 never executed
        -:  298:
    #####:  299:    state->coins = (state->coins) - (getCost(supplyPos));
call    0 never executed
    #####:  300:    state->numBuys--;
        -:  301:    if (DEBUG)
        -:  302:      printf("You bought card number %d for %d coins. You now have %d buys and %d coins.\n", supplyPos, getCost(supplyPos), state->numBuys, state->coins);
        -:  303:  }
        -:  304:
        -:  305:  //state->discard[who][state->discardCount[who]] = supplyPos;
        -:  306:  //state->discardCount[who]++;
        -:  307:
    #####:  308:  return 0;
        -:  309:}
        -:  310:
function numHandCards called 2 returned 100% blocks executed 100%
        2:  311:int numHandCards(struct gameState *state) {
        2:  312:  return state->handCount[ whoseTurn(state) ];
call    0 returned 100%
        -:  313:}
        -:  314:
function handCard called 0 returned 0% blocks executed 0%
    #####:  315:int handCard(int handPos, struct gameState *state) {
    #####:  316:  int currentPlayer = whoseTurn(state);
call    0 never executed
    #####:  317:  return state->hand[currentPlayer][handPos];
        -:  318:}
        -:  319:
function supplyCount called 89 returned 100% blocks executed 100%
       89:  320:int supplyCount(int card, struct gameState *state) {
       89:  321:  return state->supplyCount[card];
        -:  322:}
        -:  323:
function fullDeckCount called 0 returned 0% blocks executed 0%
    #####:  324:int fullDeckCount(int player, int card, struct gameState *state) {
        -:  325:  int i;
    #####:  326:  int count = 0;
        -:  327:
    #####:  328:  for (i = 0; i < state->deckCount[player]; i++)
branch  0 never executed
branch  1 never executed
        -:  329:    {
    #####:  330:      if (state->deck[player][i] == card) count++;
branch  0 never executed
branch  1 never executed
        -:  331:    }
        -:  332:
    #####:  333:  for (i = 0; i < state->handCount[player]; i++)
branch  0 never executed
branch  1 never executed
        -:  334:    {
    #####:  335:      if (state->hand[player][i] == card) count++;
branch  0 never executed
branch  1 never executed
        -:  336:    }
        -:  337:
    #####:  338:  for (i = 0; i < state->discardCount[player]; i++)
branch  0 never executed
branch  1 never executed
        -:  339:    {
    #####:  340:      if (state->discard[player][i] == card) count++;
branch  0 never executed
branch  1 never executed
        -:  341:    }
        -:  342:
    #####:  343:  return count;
        -:  344:}
        -:  345:
function whoseTurn called 6 returned 100% blocks executed 100%
        6:  346:int whoseTurn(struct gameState *state) {
        6:  347:  return state->whoseTurn;
        -:  348:}
        -:  349:
function endTurn called 0 returned 0% blocks executed 0%
    #####:  350:int endTurn(struct gameState *state) {
        -:  351:  int k;
        -:  352:  int i;
    #####:  353:  int currentPlayer = whoseTurn(state);
call    0 never executed
        -:  354:
        -:  355:  //Discard hand
    #####:  356:  for (i = 0; i < state->handCount[currentPlayer]; i++){
branch  0 never executed
branch  1 never executed
    #####:  357:    state->discard[currentPlayer][state->discardCount[currentPlayer]++] = state->hand[currentPlayer][i];//Discard
    #####:  358:    state->hand[currentPlayer][i] = -1;//Set card to -1
        -:  359:  }
    #####:  360:  state->handCount[currentPlayer] = 0;//Reset hand count
        -:  361:
        -:  362:  //Code for determining the player
    #####:  363:  if (currentPlayer < (state->numPlayers - 1)){
branch  0 never executed
branch  1 never executed
    #####:  364:    state->whoseTurn = currentPlayer + 1;//Still safe to increment
        -:  365:  }
        -:  366:  else{
    #####:  367:    state->whoseTurn = 0;//Max player has been reached, loop back around to player 1
        -:  368:  }
        -:  369:
    #####:  370:  state->outpostPlayed = 0;
    #####:  371:  state->phase = 0;
    #####:  372:  state->numActions = 1;
    #####:  373:  state->coins = 0;
    #####:  374:  state->numBuys = 1;
    #####:  375:  state->playedCardCount = 0;
    #####:  376:  state->handCount[state->whoseTurn] = 0;
        -:  377:
        -:  378:  //int k; move to top
        -:  379:  //Next player draws hand
    #####:  380:  for (k = 0; k < 5; k++){
branch  0 never executed
branch  1 never executed
    #####:  381:    drawCard(state->whoseTurn, state);//Draw a card
call    0 never executed
        -:  382:  }
        -:  383:
        -:  384:  //Update money
    #####:  385:  updateCoins(state->whoseTurn, state , 0);
call    0 never executed
        -:  386:
    #####:  387:  return 0;
        -:  388:}
        -:  389:
function isGameOver called 36 returned 100% blocks executed 100%
       36:  390:int isGameOver(struct gameState *state) {
        -:  391:  int i;
        -:  392:  int j;
        -:  393:
        -:  394:  //if stack of Province cards is empty, the game ends
       36:  395:  if (state->supplyCount[province] == 0)
branch  0 taken 3% (fallthrough)
branch  1 taken 97%
        -:  396:    {
        1:  397:      return 1;
        -:  398:    }
        -:  399:
        -:  400:  //if three supply pile are at 0, the game ends
       35:  401:  j = 0;
      910:  402:  for (i = 0; i < 25; i++)
branch  0 taken 96%
branch  1 taken 4% (fallthrough)
        -:  403:    {
      875:  404:      if (state->supplyCount[i] == 0)
branch  0 taken 3% (fallthrough)
branch  1 taken 97%
        -:  405:	{
       29:  406:	  j++;
        -:  407:	}
        -:  408:    }
       35:  409:  if ( j >= 3)
branch  0 taken 3% (fallthrough)
branch  1 taken 97%
        -:  410:    {
        1:  411:      return 1;
        -:  412:    }
        -:  413:
       34:  414:  return 0;
        -:  415:}
        -:  416:
function scoreFor called 0 returned 0% blocks executed 0%
    #####:  417:int scoreFor (int player, struct gameState *state) {
        -:  418:
        -:  419:  int i;
    #####:  420:  int score = 0;
        -:  421:  //score from hand
    #####:  422:  for (i = 0; i < state->handCount[player]; i++)
branch  0 never executed
branch  1 never executed
        -:  423:    {
    #####:  424:      if (state->hand[player][i] == curse) { score = score - 1; };
branch  0 never executed
branch  1 never executed
    #####:  425:      if (state->hand[player][i] == estate) { score = score + 1; };
branch  0 never executed
branch  1 never executed
    #####:  426:      if (state->hand[player][i] == duchy) { score = score + 3; };
branch  0 never executed
branch  1 never executed
    #####:  427:      if (state->hand[player][i] == province) { score = score + 6; };
branch  0 never executed
branch  1 never executed
    #####:  428:      if (state->hand[player][i] == great_hall) { score = score + 1; };
branch  0 never executed
branch  1 never executed
    #####:  429:      if (state->hand[player][i] == gardens) { score = score + ( fullDeckCount(player, 0, state) / 10 ); };
branch  0 never executed
branch  1 never executed
call    2 never executed
        -:  430:    }
        -:  431:
        -:  432:  //score from discard
    #####:  433:  for (i = 0; i < state->discardCount[player]; i++)
branch  0 never executed
branch  1 never executed
        -:  434:    {
    #####:  435:      if (state->discard[player][i] == curse) { score = score - 1; };
branch  0 never executed
branch  1 never executed
    #####:  436:      if (state->discard[player][i] == estate) { score = score + 1; };
branch  0 never executed
branch  1 never executed
    #####:  437:      if (state->discard[player][i] == duchy) { score = score + 3; };
branch  0 never executed
branch  1 never executed
    #####:  438:      if (state->discard[player][i] == province) { score = score + 6; };
branch  0 never executed
branch  1 never executed
    #####:  439:      if (state->discard[player][i] == great_hall) { score = score + 1; };
branch  0 never executed
branch  1 never executed
    #####:  440:      if (state->discard[player][i] == gardens) { score = score + ( fullDeckCount(player, 0, state) / 10 ); };
branch  0 never executed
branch  1 never executed
call    2 never executed
        -:  441:    }
        -:  442:
        -:  443:  //score from deck
    #####:  444:  for (i = 0; i < state->discardCount[player]; i++)
branch  0 never executed
branch  1 never executed
        -:  445:    {
    #####:  446:      if (state->deck[player][i] == curse) { score = score - 1; };
branch  0 never executed
branch  1 never executed
    #####:  447:      if (state->deck[player][i] == estate) { score = score + 1; };
branch  0 never executed
branch  1 never executed
    #####:  448:      if (state->deck[player][i] == duchy) { score = score + 3; };
branch  0 never executed
branch  1 never executed
    #####:  449:      if (state->deck[player][i] == province) { score = score + 6; };
branch  0 never executed
branch  1 never executed
    #####:  450:      if (state->deck[player][i] == great_hall) { score = score + 1; };
branch  0 never executed
branch  1 never executed
    #####:  451:      if (state->deck[player][i] == gardens) { score = score + ( fullDeckCount(player, 0, state) / 10 ); };
branch  0 never executed
branch  1 never executed
call    2 never executed
        -:  452:    }
        -:  453:
    #####:  454:  return score;
        -:  455:}
        -:  456:
function getWinners called 0 returned 0% blocks executed 0%
    #####:  457:int getWinners(int players[MAX_PLAYERS], struct gameState *state) {
        -:  458:  int i;
        -:  459:  int j;
        -:  460:  int highScore;
        -:  461:  int currentPlayer;
        -:  462:
        -:  463:  //get score for each player
    #####:  464:  for (i = 0; i < MAX_PLAYERS; i++)
branch  0 never executed
branch  1 never executed
        -:  465:    {
        -:  466:      //set unused player scores to -9999
    #####:  467:      if (i >= state->numPlayers)
branch  0 never executed
branch  1 never executed
        -:  468:	{
    #####:  469:	  players[i] = -9999;
        -:  470:	}
        -:  471:      else
        -:  472:	{
    #####:  473:	  players[i] = scoreFor (i, state);
call    0 never executed
        -:  474:	}
        -:  475:    }
        -:  476:
        -:  477:  //find highest score
    #####:  478:  j = 0;
    #####:  479:  for (i = 0; i < MAX_PLAYERS; i++)
branch  0 never executed
branch  1 never executed
        -:  480:    {
    #####:  481:      if (players[i] > players[j])
branch  0 never executed
branch  1 never executed
        -:  482:	{
    #####:  483:	  j = i;
        -:  484:	}
        -:  485:    }
    #####:  486:  highScore = players[j];
        -:  487:
        -:  488:  //add 1 to players who had less turns
    #####:  489:  currentPlayer = whoseTurn(state);
call    0 never executed
    #####:  490:  for (i = 0; i < MAX_PLAYERS; i++)
branch  0 never executed
branch  1 never executed
        -:  491:    {
    #####:  492:      if ( players[i] == highScore && i > currentPlayer )
branch  0 never executed
branch  1 never executed
branch  2 never executed
branch  3 never executed
        -:  493:	{
    #####:  494:	  players[i]++;
        -:  495:	}
        -:  496:    }
        -:  497:
        -:  498:  //find new highest score
    #####:  499:  j = 0;
    #####:  500:  for (i = 0; i < MAX_PLAYERS; i++)
branch  0 never executed
branch  1 never executed
        -:  501:    {
    #####:  502:      if ( players[i] > players[j] )
branch  0 never executed
branch  1 never executed
        -:  503:	{
    #####:  504:	  j = i;
        -:  505:	}
        -:  506:    }
    #####:  507:  highScore = players[j];
        -:  508:
        -:  509:  //set winners in array to 1 and rest to 0
    #####:  510:  for (i = 0; i < MAX_PLAYERS; i++)
branch  0 never executed
branch  1 never executed
        -:  511:    {
    #####:  512:      if ( players[i] == highScore )
branch  0 never executed
branch  1 never executed
        -:  513:	{
    #####:  514:	  players[i] = 1;
        -:  515:	}
        -:  516:      else
        -:  517:	{
    #####:  518:	  players[i] = 0;
        -:  519:	}
        -:  520:    }
        -:  521:
    #####:  522:  return 0;
        -:  523:}
        -:  524:
function drawCard called 56 returned 100% blocks executed 85%
       56:  525:int drawCard(int player, struct gameState *state)
        -:  526:{	int count;
        -:  527:  int deckCounter;
       56:  528:  if (state->deckCount[player] <= 0){//Deck is empty
branch  0 taken 5% (fallthrough)
branch  1 taken 95%
        -:  529:
        -:  530:    //Step 1 Shuffle the discard pile back into a deck
        -:  531:    int i;
        -:  532:    //Move discard to deck
        3:  533:    for (i = 0; i < state->discardCount[player];i++){
branch  0 taken 0%
branch  1 taken 100% (fallthrough)
    #####:  534:      state->deck[player][i] = state->discard[player][i];
    #####:  535:      state->discard[player][i] = -1;
        -:  536:    }
        -:  537:
        3:  538:    state->deckCount[player] = state->discardCount[player];
        3:  539:    state->discardCount[player] = 0;//Reset discard
        -:  540:
        -:  541:    //Shufffle the deck
        3:  542:    shuffle(player, state);//Shuffle the deck up and make it so that we can draw
call    0 returned 100%
        -:  543:
        -:  544:    if (DEBUG){//Debug statements
        -:  545:      printf("Deck count now: %d\n", state->deckCount[player]);
        -:  546:    }
        -:  547:
        3:  548:    state->discardCount[player] = 0;
        -:  549:
        -:  550:    //Step 2 Draw Card
        3:  551:    count = state->handCount[player];//Get current player's hand count
        -:  552:
        -:  553:    if (DEBUG){//Debug statements
        -:  554:      printf("Current hand count: %d\n", count);
        -:  555:    }
        -:  556:
        3:  557:    deckCounter = state->deckCount[player];//Create a holder for the deck count
        -:  558:
        3:  559:    if (deckCounter == 0)
branch  0 taken 100% (fallthrough)
branch  1 taken 0%
        3:  560:      return -1;
        -:  561:
    #####:  562:    state->hand[player][count] = state->deck[player][deckCounter - 1];//Add card to hand
    #####:  563:    state->deckCount[player]--;
    #####:  564:    state->handCount[player]++;//Increment hand count
        -:  565:  }
        -:  566:
        -:  567:  else{
       53:  568:    int count = state->handCount[player];//Get current hand count for player
        -:  569:    int deckCounter;
        -:  570:    if (DEBUG){//Debug statements
        -:  571:      printf("Current hand count: %d\n", count);
        -:  572:    }
        -:  573:
       53:  574:    deckCounter = state->deckCount[player];//Create holder for the deck count
       53:  575:    state->hand[player][count] = state->deck[player][deckCounter - 1];//Add card to the hand
       53:  576:    state->deckCount[player]--;
       53:  577:    state->handCount[player]++;//Increment hand count
        -:  578:  }
        -:  579:
       53:  580:  return 0;
        -:  581:}
        -:  582:
function getCost called 0 returned 0% blocks executed 0%
    #####:  583:int getCost(int cardNumber)
        -:  584:{
    #####:  585:  switch( cardNumber )
branch  0 never executed
branch  1 never executed
branch  2 never executed
branch  3 never executed
branch  4 never executed
branch  5 never executed
branch  6 never executed
branch  7 never executed
branch  8 never executed
branch  9 never executed
branch 10 never executed
branch 11 never executed
branch 12 never executed
branch 13 never executed
branch 14 never executed
branch 15 never executed
branch 16 never executed
branch 17 never executed
branch 18 never executed
branch 19 never executed
branch 20 never executed
branch 21 never executed
branch 22 never executed
branch 23 never executed
branch 24 never executed
branch 25 never executed
branch 26 never executed
branch 27 never executed
        -:  586:    {
        -:  587:    case curse:
    #####:  588:      return 0;
        -:  589:    case estate:
    #####:  590:      return 2;
        -:  591:    case duchy:
    #####:  592:      return 5;
        -:  593:    case province:
    #####:  594:      return 8;
        -:  595:    case copper:
    #####:  596:      return 0;
        -:  597:    case silver:
    #####:  598:      return 3;
        -:  599:    case gold:
    #####:  600:      return 6;
        -:  601:    case adventurer:
    #####:  602:      return 6;
        -:  603:    case council_room:
    #####:  604:      return 5;
        -:  605:    case feast:
    #####:  606:      return 4;
        -:  607:    case gardens:
    #####:  608:      return 4;
        -:  609:    case mine:
    #####:  610:      return 5;
        -:  611:    case remodel:
    #####:  612:      return 4;
        -:  613:    case smithy:
    #####:  614:      return 4;
        -:  615:    case village:
    #####:  616:      return 3;
        -:  617:    case baron:
    #####:  618:      return 4;
        -:  619:    case great_hall:
    #####:  620:      return 3;
        -:  621:    case minion:
    #####:  622:      return 5;
        -:  623:    case steward:
    #####:  624:      return 3;
        -:  625:    case tribute:
    #####:  626:      return 5;
        -:  627:    case ambassador:
    #####:  628:      return 3;
        -:  629:    case cutpurse:
    #####:  630:      return 4;
        -:  631:    case embargo:
    #####:  632:      return 2;
        -:  633:    case outpost:
    #####:  634:      return 5;
        -:  635:    case salvager:
    #####:  636:      return 4;
        -:  637:    case sea_hag:
    #####:  638:      return 4;
        -:  639:    case treasure_map:
    #####:  640:      return 4;
        -:  641:    }
        -:  642:
    #####:  643:  return -1;
        -:  644:}
        -:  645:
function cardEffect called 4 returned 100% blocks executed 10%
        4:  646:int cardEffect(int card, int choice1, int choice2, int choice3, struct gameState *state, int handPos, int *bonus)
        -:  647:{
        -:  648:  int i;
        -:  649:  int j;
        -:  650:  int k;
        -:  651:  int x;
        -:  652:  int index;
        4:  653:  int currentPlayer = whoseTurn(state);
call    0 returned 100%
        4:  654:  int nextPlayer = currentPlayer + 1;
        -:  655:
        4:  656:  int tributeRevealedCards[2] = {-1, -1};
        -:  657:  int temphand[MAX_HAND];// moved above the if statement
        4:  658:  int drawntreasure=0;
        -:  659:  int cardDrawn;
        4:  660:  int z = 0;// this is the counter for the temp hand
        4:  661:  if (nextPlayer > (state->numPlayers - 1)){
branch  0 taken 0% (fallthrough)
branch  1 taken 100%
    #####:  662:    nextPlayer = 0;
        -:  663:  }
        -:  664:
        -:  665:
        -:  666:  //uses switch to select card and perform actions
        4:  667:  switch( card )
branch  0 taken 25%
branch  1 taken 25%
branch  2 taken 0%
branch  3 taken 0%
branch  4 taken 0%
branch  5 taken 0%
branch  6 taken 25%
branch  7 taken 0%
branch  8 taken 0%
branch  9 taken 0%
branch 10 taken 0%
branch 11 taken 0%
branch 12 taken 0%
branch 13 taken 0%
branch 14 taken 0%
branch 15 taken 0%
branch 16 taken 0%
branch 17 taken 0%
branch 18 taken 0%
branch 19 taken 25%
        -:  668:    {
        -:  669:    case adventurer:
        1:  670:      return playAdventurer(state, currentPlayer, drawntreasure, cardDrawn, temphand, z);
call    0 returned 100%
        -:  671:
        -:  672:    case council_room:
        -:  673:      //+4 Cards
        5:  674:      for (i = 0; i < 4; i++)
branch  0 taken 80%
branch  1 taken 20% (fallthrough)
        -:  675:	{
        4:  676:	  drawCard(currentPlayer, state);
call    0 returned 100%
        -:  677:	}
        -:  678:
        -:  679:      //+1 Buy
        1:  680:      state->numBuys++;
        -:  681:
        -:  682:      //Each other player draws a card
        3:  683:      for (i = 0; i < state->numPlayers; i++)
branch  0 taken 67%
branch  1 taken 33% (fallthrough)
        -:  684:	{
        2:  685:	  if ( i != currentPlayer )
branch  0 taken 50% (fallthrough)
branch  1 taken 50%
        -:  686:	    {
        1:  687:	      drawCard(i, state);
call    0 returned 100%
        -:  688:	    }
        -:  689:	}
        -:  690:
        -:  691:      //put played card in played card pile
        1:  692:      discardCard(handPos, currentPlayer, state, 0);
call    0 returned 100%
        -:  693:
        1:  694:      return 0;
        -:  695:
        -:  696:    case feast:
    #####:  697:      return playFeast (state, choice1, currentPlayer, temphand);
call    0 never executed
        -:  698:
        -:  699:    case gardens:
    #####:  700:      return -1;
        -:  701:
        -:  702:    case mine:
    #####:  703:      j = state->hand[currentPlayer][choice1];  //store card we will trash
        -:  704:
    #####:  705:      if (state->hand[currentPlayer][choice1] < copper || state->hand[currentPlayer][choice1] > gold)
branch  0 never executed
branch  1 never executed
branch  2 never executed
branch  3 never executed
        -:  706:	{
    #####:  707:	  return -1;
        -:  708:	}
        -:  709:
    #####:  710:      if (choice2 > treasure_map || choice2 < curse)
branch  0 never executed
branch  1 never executed
branch  2 never executed
branch  3 never executed
        -:  711:	{
    #####:  712:	  return -1;
        -:  713:	}
        -:  714:
    #####:  715:      if ( (getCost(state->hand[currentPlayer][choice1]) + 3) > getCost(choice2) )
call    0 never executed
call    1 never executed
branch  2 never executed
branch  3 never executed
        -:  716:	{
    #####:  717:	  return -1;
        -:  718:	}
        -:  719:
    #####:  720:      gainCard(choice2, state, 2, currentPlayer);
call    0 never executed
        -:  721:
        -:  722:      //discard card from hand
    #####:  723:      discardCard(handPos, currentPlayer, state, 0);
call    0 never executed
        -:  724:
        -:  725:      //discard trashed card
    #####:  726:      for (i = 0; i < state->handCount[currentPlayer]; i++)
branch  0 never executed
branch  1 never executed
        -:  727:	{
    #####:  728:	  if (state->hand[currentPlayer][i] == j)
branch  0 never executed
branch  1 never executed
        -:  729:	    {
    #####:  730:	      discardCard(i, currentPlayer, state, 0);
call    0 never executed
    #####:  731:	      break;
        -:  732:	    }
        -:  733:	}
        -:  734:
    #####:  735:      return 0;
        -:  736:
        -:  737:    case remodel:
    #####:  738:      j = state->hand[currentPlayer][choice1];  //store card we will trash
        -:  739:
    #####:  740:      if ( (getCost(state->hand[currentPlayer][choice1]) + 2) > getCost(choice2) )
call    0 never executed
call    1 never executed
branch  2 never executed
branch  3 never executed
        -:  741:	{
    #####:  742:	  return -1;
        -:  743:	}
        -:  744:
    #####:  745:      gainCard(choice2, state, 0, currentPlayer);
call    0 never executed
        -:  746:
        -:  747:      //discard card from hand
    #####:  748:      discardCard(handPos, currentPlayer, state, 0);
call    0 never executed
        -:  749:
        -:  750:      //discard trashed card
    #####:  751:      for (i = 0; i < state->handCount[currentPlayer]; i++)
branch  0 never executed
branch  1 never executed
        -:  752:	{
    #####:  753:	  if (state->hand[currentPlayer][i] == j)
branch  0 never executed
branch  1 never executed
        -:  754:	    {
    #####:  755:	      discardCard(i, currentPlayer, state, 0);
call    0 never executed
    #####:  756:	      break;
        -:  757:	    }
        -:  758:	}
        -:  759:
        -:  760:
    #####:  761:      return 0;
        -:  762:
        -:  763:    case smithy:
        1:  764:      return playSmithy (state, handPos, currentPlayer);
call    0 returned 100%
        -:  765:
        -:  766:    case baron:
    #####:  767:      state->numBuys++;//Increase buys by 1!
    #####:  768:      if (choice1 > 0){//Boolean true or going to discard an estate
branch  0 never executed
branch  1 never executed
    #####:  769:	int p = 0;//Iterator for hand!
    #####:  770:	int card_not_discarded = 1;//Flag for discard set!
    #####:  771:	while(card_not_discarded){
branch  0 never executed
branch  1 never executed
    #####:  772:	  if (state->hand[currentPlayer][p] == estate){//Found an estate card!
branch  0 never executed
branch  1 never executed
    #####:  773:	    state->coins += 4;//Add 4 coins to the amount of coins
    #####:  774:	    state->discard[currentPlayer][state->discardCount[currentPlayer]] = state->hand[currentPlayer][p];
    #####:  775:	    state->discardCount[currentPlayer]++;
    #####:  776:	    for (;p < state->handCount[currentPlayer]; p++){
branch  0 never executed
branch  1 never executed
    #####:  777:	      state->hand[currentPlayer][p] = state->hand[currentPlayer][p+1];
        -:  778:	    }
    #####:  779:	    state->hand[currentPlayer][state->handCount[currentPlayer]] = -1;
    #####:  780:	    state->handCount[currentPlayer]--;
    #####:  781:	    card_not_discarded = 0;//Exit the loop
        -:  782:	  }
    #####:  783:	  else if (p > state->handCount[currentPlayer]){
branch  0 never executed
branch  1 never executed
        -:  784:	    if(DEBUG) {
        -:  785:	      printf("No estate cards in your hand, invalid choice\n");
        -:  786:	      printf("Must gain an estate if there are any\n");
        -:  787:	    }
    #####:  788:	    if (supplyCount(estate, state) > 0){
call    0 never executed
branch  1 never executed
branch  2 never executed
    #####:  789:	      gainCard(estate, state, 0, currentPlayer);
call    0 never executed
    #####:  790:	      state->supplyCount[estate]--;//Decrement estates
    #####:  791:	      if (supplyCount(estate, state) == 0){
call    0 never executed
branch  1 never executed
branch  2 never executed
    #####:  792:		isGameOver(state);
call    0 never executed
        -:  793:	      }
        -:  794:	    }
    #####:  795:	    card_not_discarded = 0;//Exit the loop
        -:  796:	  }
        -:  797:
        -:  798:	  else{
    #####:  799:	    p++;//Next card
        -:  800:	  }
        -:  801:	}
        -:  802:      }
        -:  803:
        -:  804:      else{
    #####:  805:	if (supplyCount(estate, state) > 0){
call    0 never executed
branch  1 never executed
branch  2 never executed
    #####:  806:	  gainCard(estate, state, 0, currentPlayer);//Gain an estate
call    0 never executed
    #####:  807:	  state->supplyCount[estate]--;//Decrement Estates
    #####:  808:	  if (supplyCount(estate, state) == 0){
call    0 never executed
branch  1 never executed
branch  2 never executed
    #####:  809:	    isGameOver(state);
call    0 never executed
        -:  810:	  }
        -:  811:	}
        -:  812:      }
        -:  813:
        -:  814:
    #####:  815:      return 0;
        -:  816:
        -:  817:    case great_hall:
        -:  818:      //+1 Card
    #####:  819:      drawCard(currentPlayer, state);
call    0 never executed
        -:  820:
        -:  821:      //+1 Actions
    #####:  822:      state->numActions++;
        -:  823:
        -:  824:      //discard card from hand
    #####:  825:      discardCard(handPos, currentPlayer, state, 0);
call    0 never executed
    #####:  826:      return 0;
        -:  827:
        -:  828:    case minion:
    #####:  829:      return playMinion(state, handPos, currentPlayer, choice1, choice2);
call    0 never executed
        -:  830:
        -:  831:    case steward:
    #####:  832:      if (choice1 == 1)
branch  0 never executed
branch  1 never executed
        -:  833:	{
        -:  834:	  //+2 cards
    #####:  835:	  drawCard(currentPlayer, state);
call    0 never executed
    #####:  836:	  drawCard(currentPlayer, state);
call    0 never executed
        -:  837:	}
    #####:  838:      else if (choice1 == 2)
branch  0 never executed
branch  1 never executed
        -:  839:	{
        -:  840:	  //+2 coins
    #####:  841:	  state->coins = state->coins + 2;
        -:  842:	}
        -:  843:      else
        -:  844:	{
        -:  845:	  //trash 2 cards in hand
    #####:  846:	  discardCard(choice2, currentPlayer, state, 1);
call    0 never executed
    #####:  847:	  discardCard(choice3, currentPlayer, state, 1);
call    0 never executed
        -:  848:	}
        -:  849:
        -:  850:      //discard card from hand
    #####:  851:      discardCard(handPos, currentPlayer, state, 0);
call    0 never executed
    #####:  852:      return 0;
        -:  853:
        -:  854:    case tribute:
    #####:  855:      if ((state->discardCount[nextPlayer] + state->deckCount[nextPlayer]) <= 1){
branch  0 never executed
branch  1 never executed
    #####:  856:	if (state->deckCount[nextPlayer] > 0){
branch  0 never executed
branch  1 never executed
    #####:  857:	  tributeRevealedCards[0] = state->deck[nextPlayer][state->deckCount[nextPlayer]-1];
    #####:  858:	  state->deckCount[nextPlayer]--;
        -:  859:	}
    #####:  860:	else if (state->discardCount[nextPlayer] > 0){
branch  0 never executed
branch  1 never executed
    #####:  861:	  tributeRevealedCards[0] = state->discard[nextPlayer][state->discardCount[nextPlayer]-1];
    #####:  862:	  state->discardCount[nextPlayer]--;
        -:  863:	}
        -:  864:	else{
        -:  865:	  //No Card to Reveal
        -:  866:	  if (DEBUG){
        -:  867:	    printf("No cards to reveal\n");
        -:  868:	  }
        -:  869:	}
        -:  870:      }
        -:  871:
        -:  872:      else{
    #####:  873:	if (state->deckCount[nextPlayer] == 0){
branch  0 never executed
branch  1 never executed
    #####:  874:	  for (i = 0; i < state->discardCount[nextPlayer]; i++){
branch  0 never executed
branch  1 never executed
    #####:  875:	    state->deck[nextPlayer][i] = state->discard[nextPlayer][i];//Move to deck
    #####:  876:	    state->deckCount[nextPlayer]++;
    #####:  877:	    state->discard[nextPlayer][i] = -1;
    #####:  878:	    state->discardCount[nextPlayer]--;
        -:  879:	  }
        -:  880:
    #####:  881:	  shuffle(nextPlayer,state);//Shuffle the deck
call    0 never executed
        -:  882:	}
    #####:  883:	tributeRevealedCards[0] = state->deck[nextPlayer][state->deckCount[nextPlayer]-1];
    #####:  884:	state->deck[nextPlayer][state->deckCount[nextPlayer]--] = -1;
    #####:  885:	state->deckCount[nextPlayer]--;
    #####:  886:	tributeRevealedCards[1] = state->deck[nextPlayer][state->deckCount[nextPlayer]-1];
    #####:  887:	state->deck[nextPlayer][state->deckCount[nextPlayer]--] = -1;
    #####:  888:	state->deckCount[nextPlayer]--;
        -:  889:      }
        -:  890:
    #####:  891:      if (tributeRevealedCards[0] == tributeRevealedCards[1]){//If we have a duplicate card, just drop one
branch  0 never executed
branch  1 never executed
    #####:  892:	state->playedCards[state->playedCardCount] = tributeRevealedCards[1];
    #####:  893:	state->playedCardCount++;
    #####:  894:	tributeRevealedCards[1] = -1;
        -:  895:      }
        -:  896:
    #####:  897:      for (i = 0; i <= 2; i ++){
branch  0 never executed
branch  1 never executed
    #####:  898:	if (tributeRevealedCards[i] == copper || tributeRevealedCards[i] == silver || tributeRevealedCards[i] == gold){//Treasure cards
branch  0 never executed
branch  1 never executed
branch  2 never executed
branch  3 never executed
branch  4 never executed
branch  5 never executed
    #####:  899:	  state->coins += 2;
        -:  900:	}
        -:  901:
    #####:  902:	else if (tributeRevealedCards[i] == estate || tributeRevealedCards[i] == duchy || tributeRevealedCards[i] == province || tributeRevealedCards[i] == gardens || tributeRevealedCards[i] == great_hall){//Victory Card Found
branch  0 never executed
branch  1 never executed
branch  2 never executed
branch  3 never executed
branch  4 never executed
branch  5 never executed
branch  6 never executed
branch  7 never executed
branch  8 never executed
branch  9 never executed
    #####:  903:	  drawCard(currentPlayer, state);
call    0 never executed
    #####:  904:	  drawCard(currentPlayer, state);
call    0 never executed
        -:  905:	}
        -:  906:	else{//Action Card
    #####:  907:	  state->numActions = state->numActions + 2;
        -:  908:	}
        -:  909:      }
        -:  910:
    #####:  911:      return 0;
        -:  912:
        -:  913:    case ambassador:
    #####:  914:      j = 0;		//used to check if player has enough cards to discard
        -:  915:
    #####:  916:      if (choice2 > 2 || choice2 < 0)
branch  0 never executed
branch  1 never executed
branch  2 never executed
branch  3 never executed
        -:  917:	{
    #####:  918:	  return -1;
        -:  919:	}
        -:  920:
    #####:  921:      if (choice1 == handPos)
branch  0 never executed
branch  1 never executed
        -:  922:	{
    #####:  923:	  return -1;
        -:  924:	}
        -:  925:
    #####:  926:      for (i = 0; i < state->handCount[currentPlayer]; i++)
branch  0 never executed
branch  1 never executed
        -:  927:	{
    #####:  928:	  if (i != handPos && i == state->hand[currentPlayer][choice1] && i != choice1)
branch  0 never executed
branch  1 never executed
branch  2 never executed
branch  3 never executed
branch  4 never executed
branch  5 never executed
        -:  929:	    {
    #####:  930:	      j++;
        -:  931:	    }
        -:  932:	}
    #####:  933:      if (j < choice2)
branch  0 never executed
branch  1 never executed
        -:  934:	{
    #####:  935:	  return -1;
        -:  936:	}
        -:  937:
        -:  938:      if (DEBUG)
        -:  939:	printf("Player %d reveals card number: %d\n", currentPlayer, state->hand[currentPlayer][choice1]);
        -:  940:
        -:  941:      //increase supply count for choosen card by amount being discarded
    #####:  942:      state->supplyCount[state->hand[currentPlayer][choice1]] += choice2;
        -:  943:
        -:  944:      //each other player gains a copy of revealed card
    #####:  945:      for (i = 0; i < state->numPlayers; i++)
branch  0 never executed
branch  1 never executed
        -:  946:	{
    #####:  947:	  if (i != currentPlayer)
branch  0 never executed
branch  1 never executed
        -:  948:	    {
    #####:  949:	      gainCard(state->hand[currentPlayer][choice1], state, 0, i);
call    0 never executed
        -:  950:	    }
        -:  951:	}
        -:  952:
        -:  953:      //discard played card from hand
    #####:  954:      discardCard(handPos, currentPlayer, state, 0);
call    0 never executed
        -:  955:
        -:  956:      //trash copies of cards returned to supply
    #####:  957:      for (j = 0; j < choice2; j++)
branch  0 never executed
branch  1 never executed
        -:  958:	{
    #####:  959:	  for (i = 0; i < state->handCount[currentPlayer]; i++)
branch  0 never executed
branch  1 never executed
        -:  960:	    {
    #####:  961:	      if (state->hand[currentPlayer][i] == state->hand[currentPlayer][choice1])
branch  0 never executed
branch  1 never executed
        -:  962:		{
    #####:  963:		  discardCard(i, currentPlayer, state, 1);
call    0 never executed
    #####:  964:		  break;
        -:  965:		}
        -:  966:	    }
        -:  967:	}
        -:  968:
    #####:  969:      return 0;
        -:  970:
        -:  971:    case cutpurse:
        -:  972:
    #####:  973:      updateCoins(currentPlayer, state, 2);
call    0 never executed
    #####:  974:      for (i = 0; i < state->numPlayers; i++)
branch  0 never executed
branch  1 never executed
        -:  975:	{
    #####:  976:	  if (i != currentPlayer)
branch  0 never executed
branch  1 never executed
        -:  977:	    {
    #####:  978:	      for (j = 0; j < state->handCount[i]; j++)
branch  0 never executed
branch  1 never executed
        -:  979:		{
    #####:  980:		  if (state->hand[i][j] == copper)
branch  0 never executed
branch  1 never executed
        -:  981:		    {
    #####:  982:		      discardCard(j, i, state, 0);
call    0 never executed
    #####:  983:		      break;
        -:  984:		    }
    #####:  985:		  if (j == state->handCount[i])
branch  0 never executed
branch  1 never executed
        -:  986:		    {
    #####:  987:		      for (k = 0; k < state->handCount[i]; k++)
branch  0 never executed
branch  1 never executed
        -:  988:			{
        -:  989:			  if (DEBUG)
        -:  990:			    printf("Player %d reveals card number %d\n", i, state->hand[i][k]);
        -:  991:			}
    #####:  992:		      break;
        -:  993:		    }
        -:  994:		}
        -:  995:
        -:  996:	    }
        -:  997:
        -:  998:	}
        -:  999:
        -: 1000:      //discard played card from hand
    #####: 1001:      discardCard(handPos, currentPlayer, state, 0);
call    0 never executed
        -: 1002:
    #####: 1003:      return 0;
        -: 1004:
        -: 1005:
        -: 1006:    case embargo:
    #####: 1007:      return playEmbargo(state, handPos, currentPlayer, choice1);
call    0 never executed
        -: 1008:
        -: 1009:    case outpost:
        -: 1010:      //set outpost flag
    #####: 1011:      state->outpostPlayed++;
        -: 1012:
        -: 1013:      //discard card
    #####: 1014:      discardCard(handPos, currentPlayer, state, 0);
call    0 never executed
    #####: 1015:      return 0;
        -: 1016:
        -: 1017:    case salvager:
        -: 1018:      //+1 buy
    #####: 1019:      state->numBuys++;
        -: 1020:
    #####: 1021:      if (choice1)
branch  0 never executed
branch  1 never executed
        -: 1022:	{
        -: 1023:	  //gain coins equal to trashed card
    #####: 1024:	  state->coins = state->coins + getCost( handCard(choice1, state) );
call    0 never executed
call    1 never executed
        -: 1025:	  //trash card
    #####: 1026:	  discardCard(choice1, currentPlayer, state, 1);
call    0 never executed
        -: 1027:	}
        -: 1028:
        -: 1029:      //discard card
    #####: 1030:      discardCard(handPos, currentPlayer, state, 0);
call    0 never executed
    #####: 1031:      return 0;
        -: 1032:
        -: 1033:    case sea_hag:
    #####: 1034:      for (i = 0; i < state->numPlayers; i++){
branch  0 never executed
branch  1 never executed
    #####: 1035:	if (i != currentPlayer){
branch  0 never executed
branch  1 never executed
    #####: 1036:	  state->discard[i][state->discardCount[i]] = state->deck[i][state->deckCount[i]--];			    state->deckCount[i]--;
    #####: 1037:	  state->discardCount[i]++;
    #####: 1038:	  state->deck[i][state->deckCount[i]--] = curse;//Top card now a curse
        -: 1039:	}
        -: 1040:      }
    #####: 1041:      return 0;
        -: 1042:
        -: 1043:    case treasure_map:
        -: 1044:      //search hand for another treasure_map
    #####: 1045:      index = -1;
    #####: 1046:      for (i = 0; i < state->handCount[currentPlayer]; i++)
branch  0 never executed
branch  1 never executed
        -: 1047:	{
    #####: 1048:	  if (state->hand[currentPlayer][i] == treasure_map && i != handPos)
branch  0 never executed
branch  1 never executed
branch  2 never executed
branch  3 never executed
        -: 1049:	    {
    #####: 1050:	      index = i;
    #####: 1051:	      break;
        -: 1052:	    }
        -: 1053:	}
    #####: 1054:      if (index > -1)
branch  0 never executed
branch  1 never executed
        -: 1055:	{
        -: 1056:	  //trash both treasure cards
    #####: 1057:	  discardCard(handPos, currentPlayer, state, 1);
call    0 never executed
    #####: 1058:	  discardCard(index, currentPlayer, state, 1);
call    0 never executed
        -: 1059:
        -: 1060:	  //gain 4 Gold cards
    #####: 1061:	  for (i = 0; i < 4; i++)
branch  0 never executed
branch  1 never executed
        -: 1062:	    {
    #####: 1063:	      gainCard(gold, state, 1, currentPlayer);
call    0 never executed
        -: 1064:	    }
        -: 1065:
        -: 1066:	  //return success
    #####: 1067:	  return 1;
        -: 1068:	}
        -: 1069:
        -: 1070:      //no second treasure_map found in hand
    #####: 1071:      return -1;
        -: 1072:    }
        -: 1073:
        1: 1074:  return -1;
        -: 1075:}
        -: 1076:
function discardCard called 2 returned 100% blocks executed 78%
        2: 1077:int discardCard(int handPos, int currentPlayer, struct gameState *state, int trashFlag)
        -: 1078:{
        -: 1079:
        -: 1080:  //if card is not trashed, added to Played pile
        2: 1081:  if (trashFlag < 1)
branch  0 taken 50% (fallthrough)
branch  1 taken 50%
        -: 1082:    {
        -: 1083:      //add card to played pile
        1: 1084:      state->playedCards[state->playedCardCount] = state->hand[currentPlayer][handPos];
        1: 1085:      state->playedCardCount++;
        -: 1086:    }
        -: 1087:
        -: 1088:  //set played card to -1
        2: 1089:  state->hand[currentPlayer][handPos] = -1;
        -: 1090:
        -: 1091:  //remove card from player's hand
        2: 1092:  if ( handPos == (state->handCount[currentPlayer] - 1) ) 	//last card in hand array is played
branch  0 taken 0% (fallthrough)
branch  1 taken 100%
        -: 1093:    {
        -: 1094:      //reduce number of cards in hand
    #####: 1095:      state->handCount[currentPlayer]--;
        -: 1096:    }
        2: 1097:  else if ( state->handCount[currentPlayer] == 1 ) //only one card in hand
branch  0 taken 0% (fallthrough)
branch  1 taken 100%
        -: 1098:    {
        -: 1099:      //reduce number of cards in hand
    #####: 1100:      state->handCount[currentPlayer]--;
        -: 1101:    }
        -: 1102:  else
        -: 1103:    {
        -: 1104:      //replace discarded card with last card in hand
        2: 1105:      state->hand[currentPlayer][handPos] = state->hand[currentPlayer][ (state->handCount[currentPlayer] - 1)];
        -: 1106:      //set last card to -1
        2: 1107:      state->hand[currentPlayer][state->handCount[currentPlayer] - 1] = -1;
        -: 1108:      //reduce number of cards in hand
        2: 1109:      state->handCount[currentPlayer]--;
        -: 1110:    }
        -: 1111:
        2: 1112:  return 0;
        -: 1113:}
        -: 1114:
function gainCard called 14 returned 100% blocks executed 100%
       14: 1115:int gainCard(int supplyPos, struct gameState *state, int toFlag, int player)
        -: 1116:{
        -: 1117:  //Note: supplyPos is enum of choosen card
        -: 1118:
        -: 1119:  //check if supply pile is empty (0) or card is not used in game (-1)
       14: 1120:  if ( supplyCount(supplyPos, state) < 1 )
call    0 returned 100%
branch  1 taken 79% (fallthrough)
branch  2 taken 21%
        -: 1121:    {
       11: 1122:      return -1;
        -: 1123:    }
        -: 1124:
        -: 1125:  //added card for [whoseTurn] current player:
        -: 1126:  // toFlag = 0 : add to discard
        -: 1127:  // toFlag = 1 : add to deck
        -: 1128:  // toFlag = 2 : add to hand
        -: 1129:
        3: 1130:  if (toFlag == 1)
branch  0 taken 33% (fallthrough)
branch  1 taken 67%
        -: 1131:    {
        1: 1132:      state->deck[ player ][ state->deckCount[player] ] = supplyPos;
        1: 1133:      state->deckCount[player]++;
        -: 1134:    }
        2: 1135:  else if (toFlag == 2)
branch  0 taken 50% (fallthrough)
branch  1 taken 50%
        -: 1136:    {
        1: 1137:      state->hand[ player ][ state->handCount[player] ] = supplyPos;
        1: 1138:      state->handCount[player]++;
        -: 1139:    }
        -: 1140:  else
        -: 1141:    {
        1: 1142:      state->discard[player][ state->discardCount[player] ] = supplyPos;
        1: 1143:      state->discardCount[player]++;
        -: 1144:    }
        -: 1145:
        -: 1146:  //decrease number in supply pile
        3: 1147:  state->supplyCount[supplyPos]--;
        -: 1148:
        3: 1149:  return 0;
        -: 1150:}
        -: 1151:
function updateCoins called 8 returned 100% blocks executed 82%
        8: 1152:int updateCoins(int player, struct gameState *state, int bonus)
        -: 1153:{
        -: 1154:  int i;
        -: 1155:
        -: 1156:  //reset coin count
        8: 1157:  state->coins = 0;
        -: 1158:
        -: 1159:  //add coins for each Treasure card in player's hand
       48: 1160:  for (i = 0; i < state->handCount[player]; i++)
branch  0 taken 83%
branch  1 taken 17% (fallthrough)
        -: 1161:    {
       40: 1162:      if (state->hand[player][i] == copper)
branch  0 taken 80% (fallthrough)
branch  1 taken 20%
        -: 1163:	{
       32: 1164:	  state->coins += 1;
        -: 1165:	}
        8: 1166:      else if (state->hand[player][i] == silver)
branch  0 taken 0% (fallthrough)
branch  1 taken 100%
        -: 1167:	{
    #####: 1168:	  state->coins += 2;
        -: 1169:	}
        8: 1170:      else if (state->hand[player][i] == gold)
branch  0 taken 0% (fallthrough)
branch  1 taken 100%
        -: 1171:	{
    #####: 1172:	  state->coins += 3;
        -: 1173:	}
        -: 1174:    }
        -: 1175:
        -: 1176:  //add bonus
        8: 1177:  state->coins += bonus;
        -: 1178:
        8: 1179:  return 0;
        -: 1180:}
        -: 1181:
        -: 1182://Assignment 2 refactored cards
        -: 1183://refactored adventurer card
function playAdventurer called 1 returned 100% blocks executed 100%
        1: 1184:int playAdventurer(struct gameState *state, int currentPlayer, int drawntreasure, int cardDrawn, int temphand[], int z) {
       10: 1185:  while(drawntreasure<2){
branch  0 taken 89%
branch  1 taken 11% (fallthrough)
        8: 1186:    if (state->deckCount[currentPlayer] <1){//if the deck is empty we need to shuffle discard and add to deck
branch  0 taken 38% (fallthrough)
branch  1 taken 63%
        3: 1187:      shuffle(currentPlayer, state);
call    0 returned 100%
        -: 1188:    }
        8: 1189:    drawCard(currentPlayer, state);
call    0 returned 100%
        8: 1190:    cardDrawn = state->hand[currentPlayer][state->handCount[currentPlayer]]; //BUG removed -1 so card drawn isn't set to most recent card
        8: 1191:    if (cardDrawn == copper || cardDrawn == silver || cardDrawn == gold) //top card of hand is most recently drawn card.
branch  0 taken 75% (fallthrough)
branch  1 taken 25%
branch  2 taken 100% (fallthrough)
branch  3 taken 0%
branch  4 taken 0% (fallthrough)
branch  5 taken 100%
        2: 1192:    drawntreasure++;
        -: 1193:    else{
        6: 1194:      temphand[z]=cardDrawn;
        6: 1195:      state->handCount[currentPlayer]--; //this should just remove the top card (the most recently drawn one).
        6: 1196:      z++;
        -: 1197:    }
        -: 1198:  }
        8: 1199:  while(z-1>=0){
branch  0 taken 86%
branch  1 taken 14% (fallthrough)
        6: 1200:    state->discard[currentPlayer][state->discardCount[currentPlayer]++]=temphand[z-1]; // discard all cards in play that have been drawn
        6: 1201:    z=z-1;
        -: 1202:  }
        1: 1203:  return 0;
        -: 1204:}
        -: 1205:
        -: 1206://refactored smithy card
function playSmithy called 1 returned 100% blocks executed 100%
        1: 1207:int playSmithy (struct gameState *state, int handPos, int currentPlayer) {
        -: 1208:  //+3 Cards
        -: 1209:  int i;
        4: 1210:  for (i = 0; i < 3; i++){
branch  0 taken 75%
branch  1 taken 25% (fallthrough)
        3: 1211:    drawCard(currentPlayer, state);
call    0 returned 100%
        -: 1212:  }
        -: 1213:
        -: 1214:  //discard card from hand
        1: 1215:  discardCard(handPos, currentPlayer, state, 1); //BUG trash card instead of adding it to played pile
call    0 returned 100%
        1: 1216:  return 0;
        -: 1217:}
        -: 1218:
        -: 1219://refactored minion card
function playMinion called 0 returned 0% blocks executed 0%
    #####: 1220:int playMinion(struct gameState *state, int handPos, int currentPlayer, int choice1, int choice2) {
        -: 1221:  //+1 action
        -: 1222:  int i, j;
    #####: 1223:  state->numActions++;
        -: 1224:
        -: 1225:  //discard card from hand
    #####: 1226:  discardCard(handPos, currentPlayer, state, 0);
call    0 never executed
        -: 1227:
    #####: 1228:  if (choice2) //BUG changed choice1 to choice2		//+2 coins
branch  0 never executed
branch  1 never executed
        -: 1229:  {
    #####: 1230:    state->coins = state->coins + 2;
        -: 1231:  }
        -: 1232:
    #####: 1233:  else if (choice2)		//discard hand, redraw 4, other players with 5+ cards discard hand and draw 4
branch  0 never executed
branch  1 never executed
        -: 1234:  {
        -: 1235:    //discard hand
    #####: 1236:    while(numHandCards(state) > 0)
call    0 never executed
branch  1 never executed
branch  2 never executed
        -: 1237:    {
    #####: 1238:      discardCard(handPos, currentPlayer, state, 0);
call    0 never executed
        -: 1239:    }
        -: 1240:
        -: 1241:    //draw 4
    #####: 1242:    for (i = 0; i < 4; i++)
branch  0 never executed
branch  1 never executed
        -: 1243:    {
    #####: 1244:      drawCard(currentPlayer, state);
call    0 never executed
        -: 1245:    }
        -: 1246:
        -: 1247:    //other players discard hand and redraw if hand size > 4
    #####: 1248:    for (i = 0; i < state->numPlayers; i++)
branch  0 never executed
branch  1 never executed
        -: 1249:    {
    #####: 1250:      if (i != currentPlayer)
branch  0 never executed
branch  1 never executed
        -: 1251:      {
    #####: 1252:        if ( state->handCount[i] > 4 )
branch  0 never executed
branch  1 never executed
        -: 1253:        {
        -: 1254:          //discard hand
    #####: 1255:          while( state->handCount[i] > 0 )
branch  0 never executed
branch  1 never executed
        -: 1256:          {
    #####: 1257:            discardCard(handPos, i, state, 0);
call    0 never executed
        -: 1258:          }
        -: 1259:
        -: 1260:          //draw 4
    #####: 1261:          for (j = 0; j < 4; j++)
branch  0 never executed
branch  1 never executed
        -: 1262:          {
    #####: 1263:            drawCard(i, state);
call    0 never executed
        -: 1264:          }
        -: 1265:        }
        -: 1266:      }
        -: 1267:    }
        -: 1268:
        -: 1269:  }
    #####: 1270:  return 0;
        -: 1271:}
        -: 1272:
        -: 1273://refactored embargo card
function playEmbargo called 0 returned 0% blocks executed 0%
    #####: 1274:int playEmbargo(struct gameState *state, int handPos, int currentPlayer, int choice1) {
        -: 1275:  //+2 Coins
    #####: 1276:  state->coins = state->coins + 2;
        -: 1277:
        -: 1278:  //see if selected pile is in play
    #####: 1279:  if ( state->supplyCount[choice1] == -1 )
branch  0 never executed
branch  1 never executed
        -: 1280:  {
    #####: 1281:    return -1;
        -: 1282:  }
        -: 1283:
        -: 1284:  //add embargo token to selected supply pile
    #####: 1285:  state->embargoTokens[choice1]++;
        -: 1286:
        -: 1287:  //trash card
    #####: 1288:  discardCard(handPos, currentPlayer, state, 1);
call    0 never executed
    #####: 1289:  return 0;
        -: 1290:}
        -: 1291:
        -: 1292://refactored feast card
function playFeast called 0 returned 0% blocks executed 0%
    #####: 1293:int playFeast (struct gameState *state, int choice1, int currentPlayer, int temphand[]){
        -: 1294:  //gain card with cost up to 5
        -: 1295:  //Backup hand
        -: 1296:  int i, x;
    #####: 1297:  for (i = 0; i <= state->handCount[currentPlayer]; i++){
branch  0 never executed
branch  1 never executed
    #####: 1298:    temphand[i] = state->hand[currentPlayer][i];//Backup card
    #####: 1299:    state->hand[currentPlayer][i] = -1;//Set to nothing
        -: 1300:  }
        -: 1301:  //Backup hand
        -: 1302:
        -: 1303:  //Update Coins for Buy
    #####: 1304:  updateCoins(currentPlayer, state, 5);
call    0 never executed
    #####: 1305:  x = 1;//Condition to loop on
    #####: 1306:  while( x == 1) {//Buy one card
branch  0 never executed
branch  1 never executed
    #####: 1307:    if (supplyCount(choice1, state) <= 0){
call    0 never executed
branch  1 never executed
branch  2 never executed
        -: 1308:      if (DEBUG)
        -: 1309:      printf("None of that card left, sorry!\n");
        -: 1310:
        -: 1311:      if (DEBUG){
        -: 1312:        printf("Cards Left: %d\n", supplyCount(choice1, state));
        -: 1313:      }
        -: 1314:    }
    #####: 1315:    else if (state->coins > getCost(choice1)){ //BUG number of coins is greater than cost, then print too expensive which is backwards.
call    0 never executed
branch  1 never executed
branch  2 never executed
    #####: 1316:      printf("That card is too expensive!\n");
call    0 never executed
        -: 1317:
        -: 1318:      if (DEBUG){
        -: 1319:        printf("Coins: %d < %d\n", state->coins, getCost(choice1));
        -: 1320:      }
        -: 1321:    }
        -: 1322:    else{
        -: 1323:
        -: 1324:      if (DEBUG){
        -: 1325:        printf("Deck Count: %d\n", state->handCount[currentPlayer] + state->deckCount[currentPlayer] + state->discardCount[currentPlayer]);
        -: 1326:      }
        -: 1327:
    #####: 1328:      gainCard(choice1, state, 0, currentPlayer);//Gain the card
call    0 never executed
    #####: 1329:      x = 0;//No more buying cards
        -: 1330:
        -: 1331:      if (DEBUG){
        -: 1332:        printf("Deck Count: %d\n", state->handCount[currentPlayer] + state->deckCount[currentPlayer] + state->discardCount[currentPlayer]);
        -: 1333:      }
        -: 1334:
        -: 1335:    }
        -: 1336:  }
        -: 1337:
        -: 1338:  //Reset Hand
    #####: 1339:  for (i = 0; i <= state->handCount[currentPlayer]; i++){
branch  0 never executed
branch  1 never executed
    #####: 1340:    state->hand[currentPlayer][i] = temphand[i];
    #####: 1341:    temphand[i] = -1;
        -: 1342:  }
        -: 1343:  //Reset Hand
        -: 1344:
    #####: 1345:  return 0;
        -: 1346:
        -: 1347:}
        -: 1348:
        -: 1349://end of dominion.c
