        -:    0:Source:dominion.c
        -:    0:Graph:dominion.gcno
        -:    0:Data:dominion.gcda
        -:    0:Runs:1
        -:    0:Programs:1
        -:    1:#include "dominion.h"
        -:    2:#include "dominion_helpers.h"
        -:    3:#include "rngs.h"
        -:    4:#include <stdio.h>
        -:    5:#include <math.h>
        -:    6:#include <stdlib.h>
        -:    7:
function compare called 3570 returned 100% blocks executed 83%
     3570:    8:int compare(const void* a, const void* b) {
     3570:    9:  if (*(int*)a > *(int*)b)
branch  0 taken 0% (fallthrough)
branch  1 taken 100%
    #####:   10:    return 1;
     3570:   11:  if (*(int*)a < *(int*)b)
branch  0 taken 27% (fallthrough)
branch  1 taken 73%
      952:   12:    return -1;
     2618:   13:  return 0;
        -:   14:}
        -:   15:
function newGame called 0 returned 0% blocks executed 0%
    #####:   16:struct gameState* newGame() {
    #####:   17:  struct gameState* g = malloc(sizeof(struct gameState));
    #####:   18:  return g;
        -:   19:}
        -:   20:
function kingdomCards called 0 returned 0% blocks executed 0%
    #####:   21:int* kingdomCards(int k1, int k2, int k3, int k4, int k5, int k6, int k7,
        -:   22:		  int k8, int k9, int k10) {
    #####:   23:  int* k = malloc(10 * sizeof(int));
    #####:   24:  k[0] = k1;
    #####:   25:  k[1] = k2;
    #####:   26:  k[2] = k3;
    #####:   27:  k[3] = k4;
    #####:   28:  k[4] = k5;
    #####:   29:  k[5] = k6;
    #####:   30:  k[6] = k7;
    #####:   31:  k[7] = k8;
    #####:   32:  k[8] = k9;
    #####:   33:  k[9] = k10;
    #####:   34:  return k;
        -:   35:}
        -:   36:
function initializeGame called 100 returned 100% blocks executed 91%
      100:   37:int initializeGame(int numPlayers, int kingdomCards[10], int randomSeed,
        -:   38:		   struct gameState *state) {
        -:   39:
        -:   40:  int i;
        -:   41:  int j;
        -:   42:  int it;			
        -:   43:  //set up random number generator
      100:   44:  SelectStream(1);
call    0 returned 100%
      100:   45:  PutSeed((long)randomSeed);
call    0 returned 100%
        -:   46:  
        -:   47:  //check number of players
      100:   48:  if (numPlayers > MAX_PLAYERS || numPlayers < 2)
branch  0 taken 100% (fallthrough)
branch  1 taken 0%
branch  2 taken 21% (fallthrough)
branch  3 taken 79%
        -:   49:    {
       21:   50:      return -1;
        -:   51:    }
        -:   52:
        -:   53:  //set number of players
       79:   54:  state->numPlayers = numPlayers;
        -:   55:
        -:   56:  //check selected kingdom cards are different
      869:   57:  for (i = 0; i < 10; i++)
branch  0 taken 91%
branch  1 taken 9% (fallthrough)
        -:   58:    {
     8690:   59:      for (j = 0; j < 10; j++)
branch  0 taken 91%
branch  1 taken 9% (fallthrough)
        -:   60:        {
     7900:   61:	  if (j != i && kingdomCards[j] == kingdomCards[i])
branch  0 taken 90% (fallthrough)
branch  1 taken 10%
branch  2 taken 0% (fallthrough)
branch  3 taken 100%
        -:   62:	    {
    #####:   63:	      return -1;
        -:   64:	    }
        -:   65:        }
        -:   66:    }
        -:   67:
        -:   68:
        -:   69:  //initialize supply
        -:   70:  ///////////////////////////////
        -:   71:
        -:   72:  //set number of Curse cards
       79:   73:  if (numPlayers == 2)
branch  0 taken 34% (fallthrough)
branch  1 taken 66%
        -:   74:    {
       27:   75:      state->supplyCount[curse] = 10;
        -:   76:    }
       52:   77:  else if (numPlayers == 3)
branch  0 taken 46% (fallthrough)
branch  1 taken 54%
        -:   78:    {
       24:   79:      state->supplyCount[curse] = 20;
        -:   80:    }
        -:   81:  else
        -:   82:    {
       28:   83:      state->supplyCount[curse] = 30;
        -:   84:    }
        -:   85:
        -:   86:  //set number of Victory cards
       79:   87:  if (numPlayers == 2)
branch  0 taken 34% (fallthrough)
branch  1 taken 66%
        -:   88:    {
       27:   89:      state->supplyCount[estate] = 8;
       27:   90:      state->supplyCount[duchy] = 8;
       27:   91:      state->supplyCount[province] = 8;
        -:   92:    }
        -:   93:  else
        -:   94:    {
       52:   95:      state->supplyCount[estate] = 12;
       52:   96:      state->supplyCount[duchy] = 12;
       52:   97:      state->supplyCount[province] = 12;
        -:   98:    }
        -:   99:
        -:  100:  //set number of Treasure cards
       79:  101:  state->supplyCount[copper] = 60 - (7 * numPlayers);
       79:  102:  state->supplyCount[silver] = 40;
       79:  103:  state->supplyCount[gold] = 30;
        -:  104:
        -:  105:  //set number of Kingdom cards
     1659:  106:  for (i = adventurer; i <= treasure_map; i++)       	//loop all cards
branch  0 taken 95%
branch  1 taken 5% (fallthrough)
        -:  107:    {
    13035:  108:      for (j = 0; j < 10; j++)           		//loop chosen cards
branch  0 taken 94%
branch  1 taken 6% (fallthrough)
        -:  109:	{
    12245:  110:	  if (kingdomCards[j] == i)
branch  0 taken 6% (fallthrough)
branch  1 taken 94%
        -:  111:	    {
        -:  112:	      //check if card is a 'Victory' Kingdom card
      790:  113:	      if (kingdomCards[j] == great_hall || kingdomCards[j] == gardens)
branch  0 taken 100% (fallthrough)
branch  1 taken 0%
branch  2 taken 0% (fallthrough)
branch  3 taken 100%
        -:  114:		{
    #####:  115:		  if (numPlayers == 2){ 
branch  0 never executed
branch  1 never executed
    #####:  116:		    state->supplyCount[i] = 8; 
        -:  117:		  }
    #####:  118:		  else{ state->supplyCount[i] = 12; }
        -:  119:		}
        -:  120:	      else
        -:  121:		{
      790:  122:		  state->supplyCount[i] = 10;
        -:  123:		}
      790:  124:	      break;
        -:  125:	    }
        -:  126:	  else    //card is not in the set choosen for the game
        -:  127:	    {
    11455:  128:	      state->supplyCount[i] = -1;
        -:  129:	    }
        -:  130:	}
        -:  131:
        -:  132:    }
        -:  133:
        -:  134:  ////////////////////////
        -:  135:  //supply intilization complete
        -:  136:
        -:  137:  //set player decks
      317:  138:  for (i = 0; i < numPlayers; i++)
branch  0 taken 75%
branch  1 taken 25% (fallthrough)
        -:  139:    {
      238:  140:      state->deckCount[i] = 0;
      952:  141:      for (j = 0; j < 3; j++)
branch  0 taken 75%
branch  1 taken 25% (fallthrough)
        -:  142:	{
      714:  143:	  state->deck[i][j] = estate;
      714:  144:	  state->deckCount[i]++;
        -:  145:	}
     1904:  146:      for (j = 3; j < 10; j++)
branch  0 taken 88%
branch  1 taken 13% (fallthrough)
        -:  147:	{
     1666:  148:	  state->deck[i][j] = copper;
     1666:  149:	  state->deckCount[i]++;		
        -:  150:	}
        -:  151:    }
        -:  152:
        -:  153:  //shuffle player decks
      317:  154:  for (i = 0; i < numPlayers; i++)
branch  0 taken 75%
branch  1 taken 25% (fallthrough)
        -:  155:    {
      238:  156:      if ( shuffle(i, state) < 0 )
call    0 returned 100%
branch  1 taken 0% (fallthrough)
branch  2 taken 100%
        -:  157:	{
    #####:  158:	  return -1;
        -:  159:	}
        -:  160:    }
        -:  161:
        -:  162:  //draw player hands
      317:  163:  for (i = 0; i < numPlayers; i++)
branch  0 taken 75%
branch  1 taken 25% (fallthrough)
        -:  164:    {  
        -:  165:      //initialize hand size to zero
      238:  166:      state->handCount[i] = 0;
      238:  167:      state->discardCount[i] = 0;
        -:  168:      //draw 5 cards
        -:  169:      // for (j = 0; j < 5; j++)
        -:  170:      //	{
        -:  171:      //	  drawCard(i, state);
        -:  172:      //	}
        -:  173:    }
        -:  174:  
        -:  175:  //set embargo tokens to 0 for all supply piles
     2212:  176:  for (i = 0; i <= treasure_map; i++)
branch  0 taken 96%
branch  1 taken 4% (fallthrough)
        -:  177:    {
     2133:  178:      state->embargoTokens[i] = 0;
        -:  179:    }
        -:  180:
        -:  181:  //initialize first player's turn
       79:  182:  state->outpostPlayed = 0;
       79:  183:  state->phase = 0;
       79:  184:  state->numActions = 1;
       79:  185:  state->numBuys = 1;
       79:  186:  state->playedCardCount = 0;
       79:  187:  state->whoseTurn = 0;
       79:  188:  state->handCount[state->whoseTurn] = 0;
        -:  189:  //int it; move to top
        -:  190:
        -:  191:  //Moved draw cards to here, only drawing at the start of a turn
      474:  192:  for (it = 0; it < 5; it++){
branch  0 taken 83%
branch  1 taken 17% (fallthrough)
      395:  193:    drawCard(state->whoseTurn, state);
call    0 returned 100%
        -:  194:  }
        -:  195:
       79:  196:  updateCoins(state->whoseTurn, state, 0);
call    0 returned 100%
        -:  197:
       79:  198:  return 0;
        -:  199:}
        -:  200:
function shuffle called 238 returned 100% blocks executed 94%
      238:  201:int shuffle(int player, struct gameState *state) {
        -:  202: 
        -:  203:
        -:  204:  int newDeck[MAX_DECK];
      238:  205:  int newDeckPos = 0;
        -:  206:  int card;
        -:  207:  int i;
        -:  208:
      238:  209:  if (state->deckCount[player] < 1)
branch  0 taken 0% (fallthrough)
branch  1 taken 100%
    #####:  210:    return -1;
      238:  211:  qsort ((void*)(state->deck[player]), state->deckCount[player], sizeof(int), compare); 
call    0 returned 100%
        -:  212:  /* SORT CARDS IN DECK TO ENSURE DETERMINISM! */
        -:  213:
     2856:  214:  while (state->deckCount[player] > 0) {
branch  0 taken 91%
branch  1 taken 9% (fallthrough)
     2380:  215:    card = floor(Random() * state->deckCount[player]);
call    0 returned 100%
     2380:  216:    newDeck[newDeckPos] = state->deck[player][card];
     2380:  217:    newDeckPos++;
     8302:  218:    for (i = card; i < state->deckCount[player]-1; i++) {
branch  0 taken 71%
branch  1 taken 29% (fallthrough)
     5922:  219:      state->deck[player][i] = state->deck[player][i+1];
        -:  220:    }
     2380:  221:    state->deckCount[player]--;
        -:  222:  }
     2618:  223:  for (i = 0; i < newDeckPos; i++) {
branch  0 taken 91%
branch  1 taken 9% (fallthrough)
     2380:  224:    state->deck[player][i] = newDeck[i];
     2380:  225:    state->deckCount[player]++;
        -:  226:  }
        -:  227:
      238:  228:  return 0;
        -:  229:}
        -:  230:
function playCard called 0 returned 0% blocks executed 0%
    #####:  231:int playCard(int handPos, int choice1, int choice2, int choice3, struct gameState *state) 
        -:  232:{	
        -:  233:  int card;
    #####:  234:  int coin_bonus = 0; 		//tracks coins gain from actions
        -:  235:
        -:  236:  //check if it is the right phase
    #####:  237:  if (state->phase != 0)
branch  0 never executed
branch  1 never executed
        -:  238:    {
    #####:  239:      return -1;
        -:  240:    }
        -:  241:	
        -:  242:  //check if player has enough actions
    #####:  243:  if ( state->numActions < 1 )
branch  0 never executed
branch  1 never executed
        -:  244:    {
    #####:  245:      return -1;
        -:  246:    }
        -:  247:	
        -:  248:  //get card played
    #####:  249:  card = handCard(handPos, state);
call    0 never executed
        -:  250:	
        -:  251:  //check if selected card is an action
    #####:  252:  if ( card < adventurer || card > treasure_map )
branch  0 never executed
branch  1 never executed
branch  2 never executed
branch  3 never executed
        -:  253:    {
    #####:  254:      return -1;
        -:  255:    }
        -:  256:	
        -:  257:  //play card
    #####:  258:  if ( cardEffect(card, choice1, choice2, choice3, state, handPos, &coin_bonus) < 0 )
call    0 never executed
branch  1 never executed
branch  2 never executed
        -:  259:    {
    #####:  260:      return -1;
        -:  261:    }
        -:  262:	
        -:  263:  //reduce number of actions
    #####:  264:  state->numActions--;
        -:  265:
        -:  266:  //update coins (Treasure cards may be added with card draws)
    #####:  267:  updateCoins(state->whoseTurn, state, coin_bonus);
call    0 never executed
        -:  268:	
    #####:  269:  return 0;
        -:  270:}
        -:  271:
function buyCard called 0 returned 0% blocks executed 0%
    #####:  272:int buyCard(int supplyPos, struct gameState *state) {
        -:  273:  int who;
        -:  274:  if (DEBUG){
        -:  275:    printf("Entering buyCard...\n");
        -:  276:  }
        -:  277:
        -:  278:  // I don't know what to do about the phase thing.
        -:  279:
    #####:  280:  who = state->whoseTurn;
        -:  281:
    #####:  282:  if (state->numBuys < 1){
branch  0 never executed
branch  1 never executed
        -:  283:    if (DEBUG)
        -:  284:      printf("You do not have any buys left\n");
    #####:  285:    return -1;
    #####:  286:  } else if (supplyCount(supplyPos, state) <1){
call    0 never executed
branch  1 never executed
branch  2 never executed
        -:  287:    if (DEBUG)
        -:  288:      printf("There are not any of that type of card left\n");
    #####:  289:    return -1;
    #####:  290:  } else if (state->coins < getCost(supplyPos)){
call    0 never executed
branch  1 never executed
branch  2 never executed
        -:  291:    if (DEBUG) 
        -:  292:      printf("You do not have enough money to buy that. You have %d coins.\n", state->coins);
    #####:  293:    return -1;
        -:  294:  } else {
    #####:  295:    state->phase=1;
        -:  296:    //state->supplyCount[supplyPos]--;
    #####:  297:    gainCard(supplyPos, state, 0, who); //card goes in discard, this might be wrong.. (2 means goes into hand, 0 goes into discard)
call    0 never executed
        -:  298:  
    #####:  299:    state->coins = (state->coins) - (getCost(supplyPos));
call    0 never executed
    #####:  300:    state->numBuys--;
        -:  301:    if (DEBUG)
        -:  302:      printf("You bought card number %d for %d coins. You now have %d buys and %d coins.\n", supplyPos, getCost(supplyPos), state->numBuys, state->coins);
        -:  303:  }
        -:  304:
        -:  305:  //state->discard[who][state->discardCount[who]] = supplyPos;
        -:  306:  //state->discardCount[who]++;
        -:  307:    
    #####:  308:  return 0;
        -:  309:}
        -:  310:
function numHandCards called 0 returned 0% blocks executed 0%
    #####:  311:int numHandCards(struct gameState *state) {
    #####:  312:  return state->handCount[ whoseTurn(state) ];
call    0 never executed
        -:  313:}
        -:  314:
function handCard called 0 returned 0% blocks executed 0%
    #####:  315:int handCard(int handPos, struct gameState *state) {
    #####:  316:  int currentPlayer = whoseTurn(state);
call    0 never executed
    #####:  317:  return state->hand[currentPlayer][handPos];
        -:  318:}
        -:  319:
function supplyCount called 0 returned 0% blocks executed 0%
    #####:  320:int supplyCount(int card, struct gameState *state) {
    #####:  321:  return state->supplyCount[card];
        -:  322:}
        -:  323:
function fullDeckCount called 0 returned 0% blocks executed 0%
    #####:  324:int fullDeckCount(int player, int card, struct gameState *state) {
        -:  325:  int i;
    #####:  326:  int count = 0;
        -:  327:
    #####:  328:  for (i = 0; i < state->deckCount[player]; i++)
branch  0 never executed
branch  1 never executed
        -:  329:    {
    #####:  330:      if (state->deck[player][i] == card) count++;
branch  0 never executed
branch  1 never executed
        -:  331:    }
        -:  332:
    #####:  333:  for (i = 0; i < state->handCount[player]; i++)
branch  0 never executed
branch  1 never executed
        -:  334:    {
    #####:  335:      if (state->hand[player][i] == card) count++;
branch  0 never executed
branch  1 never executed
        -:  336:    }
        -:  337:
    #####:  338:  for (i = 0; i < state->discardCount[player]; i++)
branch  0 never executed
branch  1 never executed
        -:  339:    {
    #####:  340:      if (state->discard[player][i] == card) count++;
branch  0 never executed
branch  1 never executed
        -:  341:    }
        -:  342:
    #####:  343:  return count;
        -:  344:}
        -:  345:
function whoseTurn called 0 returned 0% blocks executed 0%
    #####:  346:int whoseTurn(struct gameState *state) {
    #####:  347:  return state->whoseTurn;
        -:  348:}
        -:  349:
function endTurn called 0 returned 0% blocks executed 0%
    #####:  350:int endTurn(struct gameState *state) {
        -:  351:  int k;
        -:  352:  int i;
    #####:  353:  int currentPlayer = whoseTurn(state);
call    0 never executed
        -:  354:  
        -:  355:  //Discard hand
    #####:  356:  for (i = 0; i < state->handCount[currentPlayer]; i++){
branch  0 never executed
branch  1 never executed
    #####:  357:    state->discard[currentPlayer][state->discardCount[currentPlayer]++] = state->hand[currentPlayer][i];//Discard
    #####:  358:    state->hand[currentPlayer][i] = -1;//Set card to -1
        -:  359:  }
    #####:  360:  state->handCount[currentPlayer] = 0;//Reset hand count
        -:  361:    
        -:  362:  //Code for determining the player
    #####:  363:  if (currentPlayer < (state->numPlayers - 1)){ 
branch  0 never executed
branch  1 never executed
    #####:  364:    state->whoseTurn = currentPlayer + 1;//Still safe to increment
        -:  365:  }
        -:  366:  else{
    #####:  367:    state->whoseTurn = 0;//Max player has been reached, loop back around to player 1
        -:  368:  }
        -:  369:
    #####:  370:  state->outpostPlayed = 0;
    #####:  371:  state->phase = 0;
    #####:  372:  state->numActions = 1;
    #####:  373:  state->coins = 0;
    #####:  374:  state->numBuys = 1;
    #####:  375:  state->playedCardCount = 0;
    #####:  376:  state->handCount[state->whoseTurn] = 0;
        -:  377:
        -:  378:  //int k; move to top
        -:  379:  //Next player draws hand
    #####:  380:  for (k = 0; k < 5; k++){
branch  0 never executed
branch  1 never executed
    #####:  381:    drawCard(state->whoseTurn, state);//Draw a card
call    0 never executed
        -:  382:  }
        -:  383:
        -:  384:  //Update money
    #####:  385:  updateCoins(state->whoseTurn, state , 0);
call    0 never executed
        -:  386:
    #####:  387:  return 0;
        -:  388:}
        -:  389:
function isGameOver called 0 returned 0% blocks executed 0%
    #####:  390:int isGameOver(struct gameState *state) {
        -:  391:  int i;
        -:  392:  int j;
        -:  393:	
        -:  394:  //if stack of Province cards is empty, the game ends
    #####:  395:  if (state->supplyCount[province] == 0)
branch  0 never executed
branch  1 never executed
        -:  396:    {
    #####:  397:      return 1;
        -:  398:    }
        -:  399:
        -:  400:  //if three supply pile are at 0, the game ends
    #####:  401:  j = 0;
    #####:  402:  for (i = 0; i < 25; i++)
branch  0 never executed
branch  1 never executed
        -:  403:    {
    #####:  404:      if (state->supplyCount[i] == 0)
branch  0 never executed
branch  1 never executed
        -:  405:	{
    #####:  406:	  j++;
        -:  407:	}
        -:  408:    }
    #####:  409:  if ( j >= 3)
branch  0 never executed
branch  1 never executed
        -:  410:    {
    #####:  411:      return 1;
        -:  412:    }
        -:  413:
    #####:  414:  return 0;
        -:  415:}
        -:  416:
function scoreFor called 0 returned 0% blocks executed 0%
    #####:  417:int scoreFor (int player, struct gameState *state) {
        -:  418:
        -:  419:  int i;
    #####:  420:  int score = 0;
        -:  421:  //score from hand
    #####:  422:  for (i = 0; i < state->handCount[player]; i++)
branch  0 never executed
branch  1 never executed
        -:  423:    {
    #####:  424:      if (state->hand[player][i] == curse) { score = score - 1; };
branch  0 never executed
branch  1 never executed
    #####:  425:      if (state->hand[player][i] == estate) { score = score + 1; };
branch  0 never executed
branch  1 never executed
    #####:  426:      if (state->hand[player][i] == duchy) { score = score + 3; };
branch  0 never executed
branch  1 never executed
    #####:  427:      if (state->hand[player][i] == province) { score = score + 6; };
branch  0 never executed
branch  1 never executed
    #####:  428:      if (state->hand[player][i] == great_hall) { score = score + 1; };
branch  0 never executed
branch  1 never executed
    #####:  429:      if (state->hand[player][i] == gardens) { score = score + ( fullDeckCount(player, 0, state) / 10 ); };
branch  0 never executed
branch  1 never executed
call    2 never executed
        -:  430:    }
        -:  431:
        -:  432:  //score from discard
    #####:  433:  for (i = 0; i < state->discardCount[player]; i++)
branch  0 never executed
branch  1 never executed
        -:  434:    {
    #####:  435:      if (state->discard[player][i] == curse) { score = score - 1; };
branch  0 never executed
branch  1 never executed
    #####:  436:      if (state->discard[player][i] == estate) { score = score + 1; };
branch  0 never executed
branch  1 never executed
    #####:  437:      if (state->discard[player][i] == duchy) { score = score + 3; };
branch  0 never executed
branch  1 never executed
    #####:  438:      if (state->discard[player][i] == province) { score = score + 6; };
branch  0 never executed
branch  1 never executed
    #####:  439:      if (state->discard[player][i] == great_hall) { score = score + 1; };
branch  0 never executed
branch  1 never executed
    #####:  440:      if (state->discard[player][i] == gardens) { score = score + ( fullDeckCount(player, 0, state) / 10 ); };
branch  0 never executed
branch  1 never executed
call    2 never executed
        -:  441:    }
        -:  442:
        -:  443:  //score from deck
    #####:  444:  for (i = 0; i < state->discardCount[player]; i++)
branch  0 never executed
branch  1 never executed
        -:  445:    {
    #####:  446:      if (state->deck[player][i] == curse) { score = score - 1; };
branch  0 never executed
branch  1 never executed
    #####:  447:      if (state->deck[player][i] == estate) { score = score + 1; };
branch  0 never executed
branch  1 never executed
    #####:  448:      if (state->deck[player][i] == duchy) { score = score + 3; };
branch  0 never executed
branch  1 never executed
    #####:  449:      if (state->deck[player][i] == province) { score = score + 6; };
branch  0 never executed
branch  1 never executed
    #####:  450:      if (state->deck[player][i] == great_hall) { score = score + 1; };
branch  0 never executed
branch  1 never executed
    #####:  451:      if (state->deck[player][i] == gardens) { score = score + ( fullDeckCount(player, 0, state) / 10 ); };
branch  0 never executed
branch  1 never executed
call    2 never executed
        -:  452:    }
        -:  453:
    #####:  454:  return score;
        -:  455:}
        -:  456:
function getWinners called 0 returned 0% blocks executed 0%
    #####:  457:int getWinners(int players[MAX_PLAYERS], struct gameState *state) {
        -:  458:  int i;	
        -:  459:  int j;
        -:  460:  int highScore;
        -:  461:  int currentPlayer;
        -:  462:
        -:  463:  //get score for each player
    #####:  464:  for (i = 0; i < MAX_PLAYERS; i++)
branch  0 never executed
branch  1 never executed
        -:  465:    {
        -:  466:      //set unused player scores to -9999
    #####:  467:      if (i >= state->numPlayers)
branch  0 never executed
branch  1 never executed
        -:  468:	{
    #####:  469:	  players[i] = -9999;
        -:  470:	}
        -:  471:      else
        -:  472:	{
    #####:  473:	  players[i] = scoreFor (i, state);
call    0 never executed
        -:  474:	}
        -:  475:    }
        -:  476:
        -:  477:  //find highest score
    #####:  478:  j = 0;
    #####:  479:  for (i = 0; i < MAX_PLAYERS; i++)
branch  0 never executed
branch  1 never executed
        -:  480:    {
    #####:  481:      if (players[i] > players[j])
branch  0 never executed
branch  1 never executed
        -:  482:	{
    #####:  483:	  j = i;
        -:  484:	}
        -:  485:    }
    #####:  486:  highScore = players[j];
        -:  487:
        -:  488:  //add 1 to players who had less turns
    #####:  489:  currentPlayer = whoseTurn(state);
call    0 never executed
    #####:  490:  for (i = 0; i < MAX_PLAYERS; i++)
branch  0 never executed
branch  1 never executed
        -:  491:    {
    #####:  492:      if ( players[i] == highScore && i > currentPlayer )
branch  0 never executed
branch  1 never executed
branch  2 never executed
branch  3 never executed
        -:  493:	{
    #####:  494:	  players[i]++;
        -:  495:	}
        -:  496:    }
        -:  497:
        -:  498:  //find new highest score
    #####:  499:  j = 0;
    #####:  500:  for (i = 0; i < MAX_PLAYERS; i++)
branch  0 never executed
branch  1 never executed
        -:  501:    {
    #####:  502:      if ( players[i] > players[j] )
branch  0 never executed
branch  1 never executed
        -:  503:	{
    #####:  504:	  j = i;
        -:  505:	}
        -:  506:    }
    #####:  507:  highScore = players[j];
        -:  508:
        -:  509:  //set winners in array to 1 and rest to 0
    #####:  510:  for (i = 0; i < MAX_PLAYERS; i++)
branch  0 never executed
branch  1 never executed
        -:  511:    {
    #####:  512:      if ( players[i] == highScore )
branch  0 never executed
branch  1 never executed
        -:  513:	{
    #####:  514:	  players[i] = 1;
        -:  515:	}
        -:  516:      else
        -:  517:	{
    #####:  518:	  players[i] = 0;
        -:  519:	}
        -:  520:    }
        -:  521:
    #####:  522:  return 0;
        -:  523:}
        -:  524:
function drawCard called 495 returned 100% blocks executed 38%
      495:  525:int drawCard(int player, struct gameState *state)
        -:  526:{	int count;
        -:  527:  int deckCounter;
      495:  528:  if (state->deckCount[player] <= 0){//Deck is empty
branch  0 taken 0% (fallthrough)
branch  1 taken 100%
        -:  529:    
        -:  530:    //Step 1 Shuffle the discard pile back into a deck
        -:  531:    int i;
        -:  532:    //Move discard to deck
    #####:  533:    for (i = 0; i < state->discardCount[player];i++){
branch  0 never executed
branch  1 never executed
    #####:  534:      state->deck[player][i] = state->discard[player][i];
    #####:  535:      state->discard[player][i] = -1;
        -:  536:    }
        -:  537:
    #####:  538:    state->deckCount[player] = state->discardCount[player];
    #####:  539:    state->discardCount[player] = 0;//Reset discard
        -:  540:
        -:  541:    //Shufffle the deck
    #####:  542:    shuffle(player, state);//Shuffle the deck up and make it so that we can draw
call    0 never executed
        -:  543:   
        -:  544:    if (DEBUG){//Debug statements
        -:  545:      printf("Deck count now: %d\n", state->deckCount[player]);
        -:  546:    }
        -:  547:    
    #####:  548:    state->discardCount[player] = 0;
        -:  549:
        -:  550:    //Step 2 Draw Card
    #####:  551:    count = state->handCount[player];//Get current player's hand count
        -:  552:    
        -:  553:    if (DEBUG){//Debug statements
        -:  554:      printf("Current hand count: %d\n", count);
        -:  555:    }
        -:  556:    
    #####:  557:    deckCounter = state->deckCount[player];//Create a holder for the deck count
        -:  558:
    #####:  559:    if (deckCounter == 0)
branch  0 never executed
branch  1 never executed
    #####:  560:      return -1;
        -:  561:
    #####:  562:    state->hand[player][count] = state->deck[player][deckCounter - 1];//Add card to hand
    #####:  563:    state->deckCount[player]--;
    #####:  564:    state->handCount[player]++;//Increment hand count
        -:  565:  }
        -:  566:
        -:  567:  else{
      495:  568:    int count = state->handCount[player];//Get current hand count for player
        -:  569:    int deckCounter;
        -:  570:    if (DEBUG){//Debug statements
        -:  571:      printf("Current hand count: %d\n", count);
        -:  572:    }
        -:  573:
      495:  574:    deckCounter = state->deckCount[player];//Create holder for the deck count
      495:  575:    state->hand[player][count] = state->deck[player][deckCounter - 1];//Add card to the hand
      495:  576:    state->deckCount[player]--;
      495:  577:    state->handCount[player]++;//Increment hand count
        -:  578:  }
        -:  579:
      495:  580:  return 0;
        -:  581:}
        -:  582:
function getCost called 0 returned 0% blocks executed 0%
    #####:  583:int getCost(int cardNumber)
        -:  584:{
    #####:  585:  switch( cardNumber ) 
branch  0 never executed
branch  1 never executed
branch  2 never executed
branch  3 never executed
branch  4 never executed
branch  5 never executed
branch  6 never executed
branch  7 never executed
branch  8 never executed
branch  9 never executed
branch 10 never executed
branch 11 never executed
branch 12 never executed
branch 13 never executed
branch 14 never executed
branch 15 never executed
branch 16 never executed
branch 17 never executed
branch 18 never executed
branch 19 never executed
branch 20 never executed
branch 21 never executed
branch 22 never executed
branch 23 never executed
branch 24 never executed
branch 25 never executed
branch 26 never executed
branch 27 never executed
        -:  586:    {
        -:  587:    case curse:
    #####:  588:      return 0;
        -:  589:    case estate:
    #####:  590:      return 2;
        -:  591:    case duchy:
    #####:  592:      return 5;
        -:  593:    case province:
    #####:  594:      return 8;
        -:  595:    case copper:
    #####:  596:      return 0;
        -:  597:    case silver:
    #####:  598:      return 3;
        -:  599:    case gold:
    #####:  600:      return 6;
        -:  601:    case adventurer:
    #####:  602:      return 6;
        -:  603:    case council_room:
    #####:  604:      return 5;
        -:  605:    case feast:
    #####:  606:      return 4;
        -:  607:    case gardens:
    #####:  608:      return 4;
        -:  609:    case mine:
    #####:  610:      return 5;
        -:  611:    case remodel:
    #####:  612:      return 4;
        -:  613:    case smithy:
    #####:  614:      return 4;
        -:  615:    case village:
    #####:  616:      return 3;
        -:  617:    case baron:
    #####:  618:      return 4;
        -:  619:    case great_hall:
    #####:  620:      return 3;
        -:  621:    case minion:
    #####:  622:      return 5;
        -:  623:    case steward:
    #####:  624:      return 3;
        -:  625:    case tribute:
    #####:  626:      return 5;
        -:  627:    case ambassador:
    #####:  628:      return 3;
        -:  629:    case cutpurse:
    #####:  630:      return 4;
        -:  631:    case embargo: 
    #####:  632:      return 2;
        -:  633:    case outpost:
    #####:  634:      return 5;
        -:  635:    case salvager:
    #####:  636:      return 4;
        -:  637:    case sea_hag:
    #####:  638:      return 4;
        -:  639:    case treasure_map:
    #####:  640:      return 4;
        -:  641:    }
        -:  642:	
    #####:  643:  return -1;
        -:  644:}
        -:  645:
function cardEffect called 0 returned 0% blocks executed 0%
    #####:  646:int cardEffect(int card, int choice1, int choice2, int choice3, struct gameState *state, int handPos, int *bonus)
        -:  647:{
        -:  648:  int i;
        -:  649:  int j;
        -:  650:  int k;
        -:  651:  int x;
        -:  652:  int index;
    #####:  653:  int currentPlayer = whoseTurn(state);
call    0 never executed
    #####:  654:  int nextPlayer = currentPlayer + 1;
        -:  655:
    #####:  656:  int tributeRevealedCards[2] = {-1, -1};
        -:  657:  int temphand[MAX_HAND];// moved above the if statement
        -:  658://  int drawntreasure=0;
        -:  659://  int cardDrawn;
        -:  660://  int z = 0;// this is the counter for the temp hand
    #####:  661:  if (nextPlayer > (state->numPlayers - 1)){
branch  0 never executed
branch  1 never executed
    #####:  662:    nextPlayer = 0;
        -:  663:  }
        -:  664:  
        -:  665:	
        -:  666:  //uses switch to select card and perform actions
    #####:  667:  switch( card ) 
branch  0 never executed
branch  1 never executed
branch  2 never executed
branch  3 never executed
branch  4 never executed
branch  5 never executed
branch  6 never executed
branch  7 never executed
branch  8 never executed
branch  9 never executed
branch 10 never executed
branch 11 never executed
branch 12 never executed
branch 13 never executed
branch 14 never executed
branch 15 never executed
branch 16 never executed
branch 17 never executed
branch 18 never executed
branch 19 never executed
branch 20 never executed
        -:  668:    {
        -:  669:    case adventurer:
    #####:  670:		useAdventurer(state, currentPlayer);
call    0 never executed
    #####:  671:		return 0;
        -:  672:		
        -:  673:    case council_room:
    #####:  674:		useCouncil_Room(state, currentPlayer, handPos);
call    0 never executed
    #####:  675:		return 0;
        -:  676:
        -:  677:    case feast:
        -:  678:      //gain card with cost up to 5
        -:  679:      //Backup hand
    #####:  680:      for (i = 0; i <= state->handCount[currentPlayer]; i++){
branch  0 never executed
branch  1 never executed
    #####:  681:	temphand[i] = state->hand[currentPlayer][i];//Backup card
    #####:  682:	state->hand[currentPlayer][i] = -1;//Set to nothing
        -:  683:      }
        -:  684:      //Backup hand
        -:  685:
        -:  686:      //Update Coins for Buy
    #####:  687:      updateCoins(currentPlayer, state, 5);
call    0 never executed
    #####:  688:      x = 1;//Condition to loop on
    #####:  689:      while( x == 1) {//Buy one card
branch  0 never executed
branch  1 never executed
    #####:  690:	if (supplyCount(choice1, state) <= 0){
call    0 never executed
branch  1 never executed
branch  2 never executed
        -:  691:	  if (DEBUG)
        -:  692:	    printf("None of that card left, sorry!\n");
        -:  693:
        -:  694:	  if (DEBUG){
        -:  695:	    printf("Cards Left: %d\n", supplyCount(choice1, state));
        -:  696:	  }
        -:  697:	}
    #####:  698:	else if (state->coins < getCost(choice1)){
call    0 never executed
branch  1 never executed
branch  2 never executed
    #####:  699:	  printf("That card is too expensive!\n");
call    0 never executed
        -:  700:
        -:  701:	  if (DEBUG){
        -:  702:	    printf("Coins: %d < %d\n", state->coins, getCost(choice1));
        -:  703:	  }
        -:  704:	}
        -:  705:	else{
        -:  706:
        -:  707:	  if (DEBUG){
        -:  708:	    printf("Deck Count: %d\n", state->handCount[currentPlayer] + state->deckCount[currentPlayer] + state->discardCount[currentPlayer]);
        -:  709:	  }
        -:  710:
    #####:  711:	  gainCard(choice1, state, 0, currentPlayer);//Gain the card
call    0 never executed
    #####:  712:	  x = 0;//No more buying cards
        -:  713:
        -:  714:	  if (DEBUG){
        -:  715:	    printf("Deck Count: %d\n", state->handCount[currentPlayer] + state->deckCount[currentPlayer] + state->discardCount[currentPlayer]);
        -:  716:	  }
        -:  717:
        -:  718:	}
        -:  719:      }     
        -:  720:
        -:  721:      //Reset Hand
    #####:  722:      for (i = 0; i <= state->handCount[currentPlayer]; i++){
branch  0 never executed
branch  1 never executed
    #####:  723:	state->hand[currentPlayer][i] = temphand[i];
    #####:  724:	temphand[i] = -1;
        -:  725:      }
        -:  726:      //Reset Hand
        -:  727:      			
    #####:  728:      return 0;
        -:  729:			
        -:  730:    case gardens:
    #####:  731:      return -1;
        -:  732:			
        -:  733:    case mine:
    #####:  734:      j = state->hand[currentPlayer][choice1];  //store card we will trash
        -:  735:
    #####:  736:      if (state->hand[currentPlayer][choice1] < copper || state->hand[currentPlayer][choice1] > gold)
branch  0 never executed
branch  1 never executed
branch  2 never executed
branch  3 never executed
        -:  737:	{
    #####:  738:	  return -1;
        -:  739:	}
        -:  740:		
    #####:  741:      if (choice2 > treasure_map || choice2 < curse)
branch  0 never executed
branch  1 never executed
branch  2 never executed
branch  3 never executed
        -:  742:	{
    #####:  743:	  return -1;
        -:  744:	}
        -:  745:
    #####:  746:      if ( (getCost(state->hand[currentPlayer][choice1]) + 3) > getCost(choice2) )
call    0 never executed
call    1 never executed
branch  2 never executed
branch  3 never executed
        -:  747:	{
    #####:  748:	  return -1;
        -:  749:	}
        -:  750:
    #####:  751:      gainCard(choice2, state, 2, currentPlayer);
call    0 never executed
        -:  752:
        -:  753:      //discard card from hand
    #####:  754:      discardCard(handPos, currentPlayer, state, 0);
call    0 never executed
        -:  755:
        -:  756:      //discard trashed card
    #####:  757:      for (i = 0; i < state->handCount[currentPlayer]; i++)
branch  0 never executed
branch  1 never executed
        -:  758:	{
    #####:  759:	  if (state->hand[currentPlayer][i] == j)
branch  0 never executed
branch  1 never executed
        -:  760:	    {
    #####:  761:	      discardCard(i, currentPlayer, state, 0);			
call    0 never executed
    #####:  762:	      break;
        -:  763:	    }
        -:  764:	}
        -:  765:			
    #####:  766:      return 0;
        -:  767:			
        -:  768:    case remodel:
    #####:  769:      j = state->hand[currentPlayer][choice1];  //store card we will trash
        -:  770:
    #####:  771:      if ( (getCost(state->hand[currentPlayer][choice1]) + 2) > getCost(choice2) )
call    0 never executed
call    1 never executed
branch  2 never executed
branch  3 never executed
        -:  772:	{
    #####:  773:	  return -1;
        -:  774:	}
        -:  775:
    #####:  776:      gainCard(choice2, state, 0, currentPlayer);
call    0 never executed
        -:  777:
        -:  778:      //discard card from hand
    #####:  779:      discardCard(handPos, currentPlayer, state, 0);
call    0 never executed
        -:  780:
        -:  781:      //discard trashed card
    #####:  782:      for (i = 0; i < state->handCount[currentPlayer]; i++)
branch  0 never executed
branch  1 never executed
        -:  783:	{
    #####:  784:	  if (state->hand[currentPlayer][i] == j)
branch  0 never executed
branch  1 never executed
        -:  785:	    {
    #####:  786:	      discardCard(i, currentPlayer, state, 0);			
call    0 never executed
    #####:  787:	      break;
        -:  788:	    }
        -:  789:	}
        -:  790:
        -:  791:
    #####:  792:      return 0;
        -:  793:		
        -:  794:    case smithy:
    #####:  795:		useSmithy(state, currentPlayer, handPos);
call    0 never executed
    #####:  796:		return 0;
        -:  797:
        -:  798:    case village:
    #####:  799:		useVillage(state, currentPlayer, handPos);
call    0 never executed
    #####:  800:		return 0;
        -:  801:
        -:  802:    case baron:
    #####:  803:      state->numBuys++;//Increase buys by 1!
    #####:  804:      if (choice1 > 0){//Boolean true or going to discard an estate
branch  0 never executed
branch  1 never executed
    #####:  805:	int p = 0;//Iterator for hand!
    #####:  806:	int card_not_discarded = 1;//Flag for discard set!
    #####:  807:	while(card_not_discarded){
branch  0 never executed
branch  1 never executed
    #####:  808:	  if (state->hand[currentPlayer][p] == estate){//Found an estate card!
branch  0 never executed
branch  1 never executed
    #####:  809:	    state->coins += 4;//Add 4 coins to the amount of coins
    #####:  810:	    state->discard[currentPlayer][state->discardCount[currentPlayer]] = state->hand[currentPlayer][p];
    #####:  811:	    state->discardCount[currentPlayer]++;
    #####:  812:	    for (;p < state->handCount[currentPlayer]; p++){
branch  0 never executed
branch  1 never executed
    #####:  813:	      state->hand[currentPlayer][p] = state->hand[currentPlayer][p+1];
        -:  814:	    }
    #####:  815:	    state->hand[currentPlayer][state->handCount[currentPlayer]] = -1;
    #####:  816:	    state->handCount[currentPlayer]--;
    #####:  817:	    card_not_discarded = 0;//Exit the loop
        -:  818:	  }
    #####:  819:	  else if (p > state->handCount[currentPlayer]){
branch  0 never executed
branch  1 never executed
        -:  820:	    if(DEBUG) {
        -:  821:	      printf("No estate cards in your hand, invalid choice\n");
        -:  822:	      printf("Must gain an estate if there are any\n");
        -:  823:	    }
    #####:  824:	    if (supplyCount(estate, state) > 0){
call    0 never executed
branch  1 never executed
branch  2 never executed
    #####:  825:	      gainCard(estate, state, 0, currentPlayer);
call    0 never executed
    #####:  826:	      state->supplyCount[estate]--;//Decrement estates
    #####:  827:	      if (supplyCount(estate, state) == 0){
call    0 never executed
branch  1 never executed
branch  2 never executed
    #####:  828:		isGameOver(state);
call    0 never executed
        -:  829:	      }
        -:  830:	    }
    #####:  831:	    card_not_discarded = 0;//Exit the loop
        -:  832:	  }
        -:  833:			    
        -:  834:	  else{
    #####:  835:	    p++;//Next card
        -:  836:	  }
        -:  837:	}
        -:  838:      }
        -:  839:			    
        -:  840:      else{
    #####:  841:	if (supplyCount(estate, state) > 0){
call    0 never executed
branch  1 never executed
branch  2 never executed
    #####:  842:	  gainCard(estate, state, 0, currentPlayer);//Gain an estate
call    0 never executed
    #####:  843:	  state->supplyCount[estate]--;//Decrement Estates
    #####:  844:	  if (supplyCount(estate, state) == 0){
call    0 never executed
branch  1 never executed
branch  2 never executed
    #####:  845:	    isGameOver(state);
call    0 never executed
        -:  846:	  }
        -:  847:	}
        -:  848:      }
        -:  849:	    
        -:  850:      
    #####:  851:      return 0;
        -:  852:		
        -:  853:    case great_hall:
        -:  854:      //+1 Card
    #####:  855:      drawCard(currentPlayer, state);
call    0 never executed
        -:  856:			
        -:  857:      //+1 Actions
    #####:  858:      state->numActions++;
        -:  859:			
        -:  860:      //discard card from hand
    #####:  861:      discardCard(handPos, currentPlayer, state, 0);
call    0 never executed
    #####:  862:      return 0;
        -:  863:		
        -:  864:    case minion:
        -:  865:      //+1 action
    #####:  866:      state->numActions++;
        -:  867:			
        -:  868:      //discard card from hand
    #####:  869:      discardCard(handPos, currentPlayer, state, 0);
call    0 never executed
        -:  870:			
    #####:  871:      if (choice1)		//+2 coins
branch  0 never executed
branch  1 never executed
        -:  872:	{
    #####:  873:	  state->coins = state->coins + 2;
        -:  874:	}
        -:  875:			
    #####:  876:      else if (choice2)		//discard hand, redraw 4, other players with 5+ cards discard hand and draw 4
branch  0 never executed
branch  1 never executed
        -:  877:	{
        -:  878:	  //discard hand
    #####:  879:	  while(numHandCards(state) > 0)
call    0 never executed
branch  1 never executed
branch  2 never executed
        -:  880:	    {
    #####:  881:	      discardCard(handPos, currentPlayer, state, 0);
call    0 never executed
        -:  882:	    }
        -:  883:				
        -:  884:	  //draw 4
    #####:  885:	  for (i = 0; i < 4; i++)
branch  0 never executed
branch  1 never executed
        -:  886:	    {
    #####:  887:	      drawCard(currentPlayer, state);
call    0 never executed
        -:  888:	    }
        -:  889:				
        -:  890:	  //other players discard hand and redraw if hand size > 4
    #####:  891:	  for (i = 0; i < state->numPlayers; i++)
branch  0 never executed
branch  1 never executed
        -:  892:	    {
    #####:  893:	      if (i != currentPlayer)
branch  0 never executed
branch  1 never executed
        -:  894:		{
    #####:  895:		  if ( state->handCount[i] > 4 )
branch  0 never executed
branch  1 never executed
        -:  896:		    {
        -:  897:		      //discard hand
    #####:  898:		      while( state->handCount[i] > 0 )
branch  0 never executed
branch  1 never executed
        -:  899:			{
    #####:  900:			  discardCard(handPos, i, state, 0);
call    0 never executed
        -:  901:			}
        -:  902:							
        -:  903:		      //draw 4
    #####:  904:		      for (j = 0; j < 4; j++)
branch  0 never executed
branch  1 never executed
        -:  905:			{
    #####:  906:			  drawCard(i, state);
call    0 never executed
        -:  907:			}
        -:  908:		    }
        -:  909:		}
        -:  910:	    }
        -:  911:				
        -:  912:	}
    #####:  913:      return 0;
        -:  914:		
        -:  915:    case steward:
    #####:  916:		useSteward(state, currentPlayer, handPos, choice1, choice2, choice3);
call    0 never executed
    #####:  917:		return 0;
        -:  918: 
        -:  919:    case tribute:
    #####:  920:      if ((state->discardCount[nextPlayer] + state->deckCount[nextPlayer]) <= 1){
branch  0 never executed
branch  1 never executed
    #####:  921:	if (state->deckCount[nextPlayer] > 0){
branch  0 never executed
branch  1 never executed
    #####:  922:	  tributeRevealedCards[0] = state->deck[nextPlayer][state->deckCount[nextPlayer]-1];
    #####:  923:	  state->deckCount[nextPlayer]--;
        -:  924:	}
    #####:  925:	else if (state->discardCount[nextPlayer] > 0){
branch  0 never executed
branch  1 never executed
    #####:  926:	  tributeRevealedCards[0] = state->discard[nextPlayer][state->discardCount[nextPlayer]-1];
    #####:  927:	  state->discardCount[nextPlayer]--;
        -:  928:	}
        -:  929:	else{
        -:  930:	  //No Card to Reveal
        -:  931:	  if (DEBUG){
        -:  932:	    printf("No cards to reveal\n");
        -:  933:	  }
        -:  934:	}
        -:  935:      }
        -:  936:	    
        -:  937:      else{
    #####:  938:	if (state->deckCount[nextPlayer] == 0){
branch  0 never executed
branch  1 never executed
    #####:  939:	  for (i = 0; i < state->discardCount[nextPlayer]; i++){
branch  0 never executed
branch  1 never executed
    #####:  940:	    state->deck[nextPlayer][i] = state->discard[nextPlayer][i];//Move to deck
    #####:  941:	    state->deckCount[nextPlayer]++;
    #####:  942:	    state->discard[nextPlayer][i] = -1;
    #####:  943:	    state->discardCount[nextPlayer]--;
        -:  944:	  }
        -:  945:			    
    #####:  946:	  shuffle(nextPlayer,state);//Shuffle the deck
call    0 never executed
        -:  947:	} 
    #####:  948:	tributeRevealedCards[0] = state->deck[nextPlayer][state->deckCount[nextPlayer]-1];
    #####:  949:	state->deck[nextPlayer][state->deckCount[nextPlayer]--] = -1;
    #####:  950:	state->deckCount[nextPlayer]--;
    #####:  951:	tributeRevealedCards[1] = state->deck[nextPlayer][state->deckCount[nextPlayer]-1];
    #####:  952:	state->deck[nextPlayer][state->deckCount[nextPlayer]--] = -1;
    #####:  953:	state->deckCount[nextPlayer]--;
        -:  954:      }    
        -:  955:		       
    #####:  956:      if (tributeRevealedCards[0] == tributeRevealedCards[1]){//If we have a duplicate card, just drop one 
branch  0 never executed
branch  1 never executed
    #####:  957:	state->playedCards[state->playedCardCount] = tributeRevealedCards[1];
    #####:  958:	state->playedCardCount++;
    #####:  959:	tributeRevealedCards[1] = -1;
        -:  960:      }
        -:  961:
    #####:  962:      for (i = 0; i <= 2; i ++){
branch  0 never executed
branch  1 never executed
    #####:  963:	if (tributeRevealedCards[i] == copper || tributeRevealedCards[i] == silver || tributeRevealedCards[i] == gold){//Treasure cards
branch  0 never executed
branch  1 never executed
branch  2 never executed
branch  3 never executed
branch  4 never executed
branch  5 never executed
    #####:  964:	  state->coins += 2;
        -:  965:	}
        -:  966:		    
    #####:  967:	else if (tributeRevealedCards[i] == estate || tributeRevealedCards[i] == duchy || tributeRevealedCards[i] == province || tributeRevealedCards[i] == gardens || tributeRevealedCards[i] == great_hall){//Victory Card Found
branch  0 never executed
branch  1 never executed
branch  2 never executed
branch  3 never executed
branch  4 never executed
branch  5 never executed
branch  6 never executed
branch  7 never executed
branch  8 never executed
branch  9 never executed
    #####:  968:	  drawCard(currentPlayer, state);
call    0 never executed
    #####:  969:	  drawCard(currentPlayer, state);
call    0 never executed
        -:  970:	}
        -:  971:	else{//Action Card
    #####:  972:	  state->numActions = state->numActions + 2;
        -:  973:	}
        -:  974:      }
        -:  975:	    
    #####:  976:      return 0;
        -:  977:		
        -:  978:    case ambassador:
    #####:  979:      j = 0;		//used to check if player has enough cards to discard
        -:  980:
    #####:  981:      if (choice2 > 2 || choice2 < 0)
branch  0 never executed
branch  1 never executed
branch  2 never executed
branch  3 never executed
        -:  982:	{
    #####:  983:	  return -1;				
        -:  984:	}
        -:  985:
    #####:  986:      if (choice1 == handPos)
branch  0 never executed
branch  1 never executed
        -:  987:	{
    #####:  988:	  return -1;
        -:  989:	}
        -:  990:
    #####:  991:      for (i = 0; i < state->handCount[currentPlayer]; i++)
branch  0 never executed
branch  1 never executed
        -:  992:	{
    #####:  993:	  if (i != handPos && i == state->hand[currentPlayer][choice1] && i != choice1)
branch  0 never executed
branch  1 never executed
branch  2 never executed
branch  3 never executed
branch  4 never executed
branch  5 never executed
        -:  994:	    {
    #####:  995:	      j++;
        -:  996:	    }
        -:  997:	}
    #####:  998:      if (j < choice2)
branch  0 never executed
branch  1 never executed
        -:  999:	{
    #####: 1000:	  return -1;				
        -: 1001:	}
        -: 1002:
        -: 1003:      if (DEBUG) 
        -: 1004:	printf("Player %d reveals card number: %d\n", currentPlayer, state->hand[currentPlayer][choice1]);
        -: 1005:
        -: 1006:      //increase supply count for choosen card by amount being discarded
    #####: 1007:      state->supplyCount[state->hand[currentPlayer][choice1]] += choice2;
        -: 1008:			
        -: 1009:      //each other player gains a copy of revealed card
    #####: 1010:      for (i = 0; i < state->numPlayers; i++)
branch  0 never executed
branch  1 never executed
        -: 1011:	{
    #####: 1012:	  if (i != currentPlayer)
branch  0 never executed
branch  1 never executed
        -: 1013:	    {
    #####: 1014:	      gainCard(state->hand[currentPlayer][choice1], state, 0, i);
call    0 never executed
        -: 1015:	    }
        -: 1016:	}
        -: 1017:
        -: 1018:      //discard played card from hand
    #####: 1019:      discardCard(handPos, currentPlayer, state, 0);			
call    0 never executed
        -: 1020:
        -: 1021:      //trash copies of cards returned to supply
    #####: 1022:      for (j = 0; j < choice2; j++)
branch  0 never executed
branch  1 never executed
        -: 1023:	{
    #####: 1024:	  for (i = 0; i < state->handCount[currentPlayer]; i++)
branch  0 never executed
branch  1 never executed
        -: 1025:	    {
    #####: 1026:	      if (state->hand[currentPlayer][i] == state->hand[currentPlayer][choice1])
branch  0 never executed
branch  1 never executed
        -: 1027:		{
    #####: 1028:		  discardCard(i, currentPlayer, state, 1);
call    0 never executed
    #####: 1029:		  break;
        -: 1030:		}
        -: 1031:	    }
        -: 1032:	}			
        -: 1033:
    #####: 1034:      return 0;
        -: 1035:		
        -: 1036:    case cutpurse:
        -: 1037:
    #####: 1038:      updateCoins(currentPlayer, state, 2);
call    0 never executed
    #####: 1039:      for (i = 0; i < state->numPlayers; i++)
branch  0 never executed
branch  1 never executed
        -: 1040:	{
    #####: 1041:	  if (i != currentPlayer)
branch  0 never executed
branch  1 never executed
        -: 1042:	    {
    #####: 1043:	      for (j = 0; j < state->handCount[i]; j++)
branch  0 never executed
branch  1 never executed
        -: 1044:		{
    #####: 1045:		  if (state->hand[i][j] == copper)
branch  0 never executed
branch  1 never executed
        -: 1046:		    {
    #####: 1047:		      discardCard(j, i, state, 0);
call    0 never executed
    #####: 1048:		      break;
        -: 1049:		    }
    #####: 1050:		  if (j == state->handCount[i])
branch  0 never executed
branch  1 never executed
        -: 1051:		    {
    #####: 1052:		      for (k = 0; k < state->handCount[i]; k++)
branch  0 never executed
branch  1 never executed
        -: 1053:			{
        -: 1054:			  if (DEBUG)
        -: 1055:			    printf("Player %d reveals card number %d\n", i, state->hand[i][k]);
        -: 1056:			}	
    #####: 1057:		      break;
        -: 1058:		    }		
        -: 1059:		}
        -: 1060:					
        -: 1061:	    }
        -: 1062:				
        -: 1063:	}				
        -: 1064:
        -: 1065:      //discard played card from hand
    #####: 1066:      discardCard(handPos, currentPlayer, state, 0);			
call    0 never executed
        -: 1067:
    #####: 1068:      return 0;
        -: 1069:
        -: 1070:		
        -: 1071:    case embargo: 
        -: 1072:      //+2 Coins
    #####: 1073:      state->coins = state->coins + 2;
        -: 1074:			
        -: 1075:      //see if selected pile is in play
    #####: 1076:      if ( state->supplyCount[choice1] == -1 )
branch  0 never executed
branch  1 never executed
        -: 1077:	{
    #####: 1078:	  return -1;
        -: 1079:	}
        -: 1080:			
        -: 1081:      //add embargo token to selected supply pile
    #####: 1082:      state->embargoTokens[choice1]++;
        -: 1083:			
        -: 1084:      //trash card
    #####: 1085:      discardCard(handPos, currentPlayer, state, 1);		
call    0 never executed
    #####: 1086:      return 0;
        -: 1087:		
        -: 1088:    case outpost:
        -: 1089:      //set outpost flag
    #####: 1090:      state->outpostPlayed++;
        -: 1091:			
        -: 1092:      //discard card
    #####: 1093:      discardCard(handPos, currentPlayer, state, 0);
call    0 never executed
    #####: 1094:      return 0;
        -: 1095:		
        -: 1096:    case salvager:
        -: 1097:      //+1 buy
    #####: 1098:      state->numBuys++;
        -: 1099:			
    #####: 1100:      if (choice1)
branch  0 never executed
branch  1 never executed
        -: 1101:	{
        -: 1102:	  //gain coins equal to trashed card
    #####: 1103:	  state->coins = state->coins + getCost( handCard(choice1, state) );
call    0 never executed
call    1 never executed
        -: 1104:	  //trash card
    #####: 1105:	  discardCard(choice1, currentPlayer, state, 1);	
call    0 never executed
        -: 1106:	}
        -: 1107:			
        -: 1108:      //discard card
    #####: 1109:      discardCard(handPos, currentPlayer, state, 0);
call    0 never executed
    #####: 1110:      return 0;
        -: 1111:		
        -: 1112:    case sea_hag:
    #####: 1113:      for (i = 0; i < state->numPlayers; i++){
branch  0 never executed
branch  1 never executed
    #####: 1114:	if (i != currentPlayer){
branch  0 never executed
branch  1 never executed
    #####: 1115:	  state->discard[i][state->discardCount[i]] = state->deck[i][state->deckCount[i]--];			    state->deckCount[i]--;
    #####: 1116:	  state->discardCount[i]++;
    #####: 1117:	  state->deck[i][state->deckCount[i]--] = curse;//Top card now a curse
        -: 1118:	}
        -: 1119:      }
    #####: 1120:      return 0;
        -: 1121:		
        -: 1122:    case treasure_map:
        -: 1123:      //search hand for another treasure_map
    #####: 1124:      index = -1;
    #####: 1125:      for (i = 0; i < state->handCount[currentPlayer]; i++)
branch  0 never executed
branch  1 never executed
        -: 1126:	{
    #####: 1127:	  if (state->hand[currentPlayer][i] == treasure_map && i != handPos)
branch  0 never executed
branch  1 never executed
branch  2 never executed
branch  3 never executed
        -: 1128:	    {
    #####: 1129:	      index = i;
    #####: 1130:	      break;
        -: 1131:	    }
        -: 1132:	}
    #####: 1133:      if (index > -1)
branch  0 never executed
branch  1 never executed
        -: 1134:	{
        -: 1135:	  //trash both treasure cards
    #####: 1136:	  discardCard(handPos, currentPlayer, state, 1);
call    0 never executed
    #####: 1137:	  discardCard(index, currentPlayer, state, 1);
call    0 never executed
        -: 1138:
        -: 1139:	  //gain 4 Gold cards
    #####: 1140:	  for (i = 0; i < 4; i++)
branch  0 never executed
branch  1 never executed
        -: 1141:	    {
    #####: 1142:	      gainCard(gold, state, 1, currentPlayer);
call    0 never executed
        -: 1143:	    }
        -: 1144:				
        -: 1145:	  //return success
    #####: 1146:	  return 1;
        -: 1147:	}
        -: 1148:			
        -: 1149:      //no second treasure_map found in hand
    #####: 1150:      return -1;
        -: 1151:    }
        -: 1152:	
    #####: 1153:  return -1;
        -: 1154:}
        -: 1155:
        -: 1156:
        -: 1157:
        -: 1158://###################################################################################
        -: 1159://The following 5 functions added for CS 362, Assignment #2
        -: 1160://###################################################################################
function useAdventurer called 0 returned 0% blocks executed 0%
    #####: 1161:void useAdventurer(struct gameState *state, int currentPlayer){
        -: 1162:	
    #####: 1163:	int temphand[MAX_HAND], cardDrawn, drawntreasure = 0, z = 0;
        -: 1164:	
        -: 1165:	
    #####: 1166:	while(drawntreasure <= 2){	//bug
branch  0 never executed
branch  1 never executed
    #####: 1167:		if (state->deckCount[currentPlayer] < 1){//if the deck is empty we need to shuffle discard and add to deck
branch  0 never executed
branch  1 never executed
    #####: 1168:			shuffle(currentPlayer, state);
call    0 never executed
        -: 1169:		}
    #####: 1170:		drawCard(currentPlayer, state);
call    0 never executed
    #####: 1171:		cardDrawn = state->hand[currentPlayer][state->handCount[currentPlayer] - 1];//top card of hand is most recently drawn card.
    #####: 1172:		if(cardDrawn == copper || cardDrawn == silver || cardDrawn == gold){
branch  0 never executed
branch  1 never executed
branch  2 never executed
branch  3 never executed
branch  4 never executed
branch  5 never executed
    #####: 1173:			drawntreasure++;
        -: 1174:		}	
        -: 1175:		else{
    #####: 1176:			temphand[z] = cardDrawn;
    #####: 1177:			state->handCount[currentPlayer]--; //this should just remove the top card (the most recently drawn one).
    #####: 1178:			z++;
    #####: 1179:			drawntreasure++;  //bug
        -: 1180:		}
        -: 1181:	}
    #####: 1182:	while(z - 1 >= 0){
branch  0 never executed
branch  1 never executed
    #####: 1183:		state->discard[currentPlayer][state->discardCount[currentPlayer]++] = temphand[z - 1]; // discard all cards in play that have been drawn
    #####: 1184:		z = z - 1;
        -: 1185:	}	
    #####: 1186:}
        -: 1187:
        -: 1188://###################################################################################
        -: 1189://###################################################################################
function useSmithy called 0 returned 0% blocks executed 0%
    #####: 1190:void useSmithy(struct gameState *state, int currentPlayer, int handPos){
        -: 1191:	
        -: 1192:	int i;
        -: 1193:	//+3 Cards
    #####: 1194:	for (i = 0; i <= 3; i++){
branch  0 never executed
branch  1 never executed
    #####: 1195:		drawCard(currentPlayer, state);
call    0 never executed
        -: 1196:	}
        -: 1197:	//discard card from hand
    #####: 1198:	discardCard(handPos, currentPlayer, state, 0);
call    0 never executed
        -: 1199:	
    #####: 1200:} 
        -: 1201:
        -: 1202://###################################################################################
        -: 1203://###################################################################################
function useCouncil_Room called 0 returned 0% blocks executed 0%
    #####: 1204:void useCouncil_Room(struct gameState *state, int currentPlayer, int handPos){
        -: 1205:	
        -: 1206:	int i;
        -: 1207:	//+4 Cards
    #####: 1208:	for (i = 0; i <= 4; i++){
branch  0 never executed
branch  1 never executed
    #####: 1209:		drawCard(currentPlayer, state);
call    0 never executed
        -: 1210:	}
        -: 1211:	//+1 Buy
    #####: 1212:	state->numBuys++;
        -: 1213:	
        -: 1214:	//Each other player draws a card
    #####: 1215:	for (i = 0; i < state->numPlayers; i++){
branch  0 never executed
branch  1 never executed
    #####: 1216:		if ( i == currentPlayer ){
branch  0 never executed
branch  1 never executed
    #####: 1217:			drawCard(i, state);
call    0 never executed
        -: 1218:		}
        -: 1219:	}
        -: 1220:	//put played card in played card pile
    #####: 1221:	discardCard(handPos, currentPlayer, state, 0);
call    0 never executed
        -: 1222:	
    #####: 1223:} 
        -: 1224:
        -: 1225://###################################################################################
        -: 1226://###################################################################################
function useVillage called 100 returned 100% blocks executed 100%
      100: 1227:void useVillage(struct gameState *state, int currentPlayer, int handPos){
        -: 1228:	
        -: 1229:	//+1 Card
      100: 1230:	drawCard(currentPlayer, state);
call    0 returned 100%
        -: 1231:			
        -: 1232:	//+2 Actions
      100: 1233:	state->numActions = state->numActions + 2;
        -: 1234:			
        -: 1235:	//discard played card from hand
      100: 1236:	discardCard(handPos, currentPlayer, state, 0);
call    0 returned 100%
        -: 1237:	
      100: 1238:}
        -: 1239:
        -: 1240://###################################################################################
        -: 1241://###################################################################################
function useSteward called 0 returned 0% blocks executed 0%
    #####: 1242:void useSteward(struct gameState *state, int currentPlayer, int handPos, int choice3, int choice2, int choice1){
        -: 1243:	
    #####: 1244:	if (choice1 == 1){
branch  0 never executed
branch  1 never executed
        -: 1245:		//+2 cards
    #####: 1246:		drawCard(currentPlayer, state);
call    0 never executed
    #####: 1247:		drawCard(currentPlayer, state);
call    0 never executed
        -: 1248:	}
    #####: 1249:	else if (choice1 == 2){
branch  0 never executed
branch  1 never executed
        -: 1250:		//+2 coins
    #####: 1251:		state->coins = state->coins + 2;
        -: 1252:	}
        -: 1253:	else{
        -: 1254:		//trash 2 cards in hand
    #####: 1255:		discardCard(choice2, currentPlayer, state, 1);
call    0 never executed
    #####: 1256:		discardCard(choice3, currentPlayer, state, 1);
call    0 never executed
        -: 1257:	}
        -: 1258:	//discard card from hand
    #####: 1259:	discardCard(handPos, currentPlayer, state, 0);
call    0 never executed
        -: 1260:
    #####: 1261:}
        -: 1262:
        -: 1263:
        -: 1264:
        -: 1265:
function discardCard called 100 returned 100% blocks executed 89%
      100: 1266:int discardCard(int handPos, int currentPlayer, struct gameState *state, int trashFlag)
        -: 1267:{
        -: 1268:	
        -: 1269:  //if card is not trashed, added to Played pile 
      100: 1270:  if (trashFlag < 1)
branch  0 taken 100% (fallthrough)
branch  1 taken 0%
        -: 1271:    {
        -: 1272:      //add card to played pile
      100: 1273:      state->playedCards[state->playedCardCount] = state->hand[currentPlayer][handPos]; 
      100: 1274:      state->playedCardCount++;
        -: 1275:    }
        -: 1276:	
        -: 1277:  //set played card to -1
      100: 1278:  state->hand[currentPlayer][handPos] = -1;
        -: 1279:	
        -: 1280:  //remove card from player's hand
      100: 1281:  if ( handPos == (state->handCount[currentPlayer] - 1) ) 	//last card in hand array is played
branch  0 taken 0% (fallthrough)
branch  1 taken 100%
        -: 1282:    {
        -: 1283:      //reduce number of cards in hand
    #####: 1284:      state->handCount[currentPlayer]--;
        -: 1285:    }
      100: 1286:  else if ( state->handCount[currentPlayer] == 1 ) //only one card in hand
branch  0 taken 2% (fallthrough)
branch  1 taken 98%
        -: 1287:    {
        -: 1288:      //reduce number of cards in hand
        2: 1289:      state->handCount[currentPlayer]--;
        -: 1290:    }
        -: 1291:  else 	
        -: 1292:    {
        -: 1293:      //replace discarded card with last card in hand
       98: 1294:      state->hand[currentPlayer][handPos] = state->hand[currentPlayer][ (state->handCount[currentPlayer] - 1)];
        -: 1295:      //set last card to -1
       98: 1296:      state->hand[currentPlayer][state->handCount[currentPlayer] - 1] = -1;
        -: 1297:      //reduce number of cards in hand
       98: 1298:      state->handCount[currentPlayer]--;
        -: 1299:    }
        -: 1300:	
      100: 1301:  return 0;
        -: 1302:}
        -: 1303:
function gainCard called 0 returned 0% blocks executed 0%
    #####: 1304:int gainCard(int supplyPos, struct gameState *state, int toFlag, int player)
        -: 1305:{
        -: 1306:  //Note: supplyPos is enum of choosen card
        -: 1307:	
        -: 1308:  //check if supply pile is empty (0) or card is not used in game (-1)
    #####: 1309:  if ( supplyCount(supplyPos, state) < 1 )
call    0 never executed
branch  1 never executed
branch  2 never executed
        -: 1310:    {
    #####: 1311:      return -1;
        -: 1312:    }
        -: 1313:	
        -: 1314:  //added card for [whoseTurn] current player:
        -: 1315:  // toFlag = 0 : add to discard
        -: 1316:  // toFlag = 1 : add to deck
        -: 1317:  // toFlag = 2 : add to hand
        -: 1318:
    #####: 1319:  if (toFlag == 1)
branch  0 never executed
branch  1 never executed
        -: 1320:    {
    #####: 1321:      state->deck[ player ][ state->deckCount[player] ] = supplyPos;
    #####: 1322:      state->deckCount[player]++;
        -: 1323:    }
    #####: 1324:  else if (toFlag == 2)
branch  0 never executed
branch  1 never executed
        -: 1325:    {
    #####: 1326:      state->hand[ player ][ state->handCount[player] ] = supplyPos;
    #####: 1327:      state->handCount[player]++;
        -: 1328:    }
        -: 1329:  else
        -: 1330:    {
    #####: 1331:      state->discard[player][ state->discardCount[player] ] = supplyPos;
    #####: 1332:      state->discardCount[player]++;
        -: 1333:    }
        -: 1334:	
        -: 1335:  //decrease number in supply pile
    #####: 1336:  state->supplyCount[supplyPos]--;
        -: 1337:	 
    #####: 1338:  return 0;
        -: 1339:}
        -: 1340:
function updateCoins called 79 returned 100% blocks executed 82%
       79: 1341:int updateCoins(int player, struct gameState *state, int bonus)
        -: 1342:{
        -: 1343:  int i;
        -: 1344:	
        -: 1345:  //reset coin count
       79: 1346:  state->coins = 0;
        -: 1347:
        -: 1348:  //add coins for each Treasure card in player's hand
      474: 1349:  for (i = 0; i < state->handCount[player]; i++)
branch  0 taken 83%
branch  1 taken 17% (fallthrough)
        -: 1350:    {
      395: 1351:      if (state->hand[player][i] == copper)
branch  0 taken 80% (fallthrough)
branch  1 taken 20%
        -: 1352:	{
      316: 1353:	  state->coins += 1;
        -: 1354:	}
       79: 1355:      else if (state->hand[player][i] == silver)
branch  0 taken 0% (fallthrough)
branch  1 taken 100%
        -: 1356:	{
    #####: 1357:	  state->coins += 2;
        -: 1358:	}
       79: 1359:      else if (state->hand[player][i] == gold)
branch  0 taken 0% (fallthrough)
branch  1 taken 100%
        -: 1360:	{
    #####: 1361:	  state->coins += 3;
        -: 1362:	}	
        -: 1363:    }	
        -: 1364:
        -: 1365:  //add bonus
       79: 1366:  state->coins += bonus;
        -: 1367:
       79: 1368:  return 0;
        -: 1369:}
        -: 1370:
        -: 1371:
        -: 1372://end of dominion.c
        -: 1373:
